Using pre-set license
Built from '2021.3/staging' branch; Version is '2021.3.14f1 (eee1884e7226) revision 15655304'; Using compiler version '192829333'; Build Type 'Release'
OS: 'Windows 10  (10.0.19045) 64bit Professional' Language: 'zh' Physical Memory: 16068 MB
BatchMode: 1, IsHumanControllingUs: 0, StartBugReporterOnCrash: 0, Is64bit: 1, IsPro: 1

COMMAND LINE ARGUMENTS:
C:\Program Files\Unity\Hub\Editor\2021.3.14f1\Editor\Unity.exe
-adb2
-batchMode
-noUpm
-name
AssetImportWorker9
-projectPath
C:/Users/qingc/OneDrive - McGill University/Unity/My project/Fox Adventure VisualScript
-logFile
Logs/AssetImportWorker9.log
-srvPort
55725
Successfully changed project path to: C:/Users/qingc/OneDrive - McGill University/Unity/My project/Fox Adventure VisualScript
C:/Users/qingc/OneDrive - McGill University/Unity/My project/Fox Adventure VisualScript
[UnityMemory] Configuration Parameters - Can be set up in boot.config
    "memorysetup-bucket-allocator-granularity=16"
    "memorysetup-bucket-allocator-bucket-count=8"
    "memorysetup-bucket-allocator-block-size=33554432"
    "memorysetup-bucket-allocator-block-count=8"
    "memorysetup-main-allocator-block-size=16777216"
    "memorysetup-thread-allocator-block-size=16777216"
    "memorysetup-gfx-main-allocator-block-size=16777216"
    "memorysetup-gfx-thread-allocator-block-size=16777216"
    "memorysetup-cache-allocator-block-size=4194304"
    "memorysetup-typetree-allocator-block-size=2097152"
    "memorysetup-profiler-bucket-allocator-granularity=16"
    "memorysetup-profiler-bucket-allocator-bucket-count=8"
    "memorysetup-profiler-bucket-allocator-block-size=33554432"
    "memorysetup-profiler-bucket-allocator-block-count=8"
    "memorysetup-profiler-allocator-block-size=16777216"
    "memorysetup-profiler-editor-allocator-block-size=1048576"
    "memorysetup-temp-allocator-size-main=16777216"
    "memorysetup-job-temp-allocator-block-size=2097152"
    "memorysetup-job-temp-allocator-block-size-background=1048576"
    "memorysetup-job-temp-allocator-reduction-small-platforms=262144"
    "memorysetup-temp-allocator-size-background-worker=32768"
    "memorysetup-temp-allocator-size-job-worker=262144"
    "memorysetup-temp-allocator-size-preload-manager=33554432"
    "memorysetup-temp-allocator-size-nav-mesh-worker=65536"
    "memorysetup-temp-allocator-size-audio-worker=65536"
    "memorysetup-temp-allocator-size-cloud-worker=32768"
    "memorysetup-temp-allocator-size-gi-baking-worker=262144"
    "memorysetup-temp-allocator-size-gfx=262144"
Refreshing native plugins compatible for Editor in 179.20 ms, found 4 plugins.
Preloading 0 native plugins for Editor in 0.00 ms.
Initialize engine version: 2021.3.14f1 (eee1884e7226)
[Subsystems] Discovering subsystems at path C:/Program Files/Unity/Hub/Editor/2021.3.14f1/Editor/Data/Resources/UnitySubsystems
[Subsystems] Discovering subsystems at path C:/Users/qingc/OneDrive - McGill University/Unity/My project/Fox Adventure VisualScript/Assets
GfxDevice: creating device client; threaded=0; jobified=0
Direct3D:
    Version:  Direct3D 11.0 [level 11.1]
    Renderer: Intel(R) Iris(R) Xe Graphics (ID=0x46a8)
    Vendor:   Intel
    VRAM:     8034 MB
    Driver:   31.0.101.4255
Initialize mono
Mono path[0] = 'C:/Program Files/Unity/Hub/Editor/2021.3.14f1/Editor/Data/Managed'
Mono path[1] = 'C:/Program Files/Unity/Hub/Editor/2021.3.14f1/Editor/Data/MonoBleedingEdge/lib/mono/unityjit-win32'
Mono config path = 'C:/Program Files/Unity/Hub/Editor/2021.3.14f1/Editor/Data/MonoBleedingEdge/etc'
Using monoOptions --debugger-agent=transport=dt_socket,embedding=1,server=y,suspend=n,address=127.0.0.1:56048
Begin MonoManager ReloadAssembly
Registering precompiled unity dll's ...
Register platform support module: C:/Program Files/Unity/Hub/Editor/2021.3.14f1/Editor/Data/PlaybackEngines/WebGLSupport/UnityEditor.WebGL.Extensions.dll
Register platform support module: C:/Program Files/Unity/Hub/Editor/2021.3.14f1/Editor/Data/PlaybackEngines/AndroidPlayer/UnityEditor.Android.Extensions.dll
Register platform support module: C:/Program Files/Unity/Hub/Editor/2021.3.14f1/Editor/Data/PlaybackEngines/WindowsStandaloneSupport/UnityEditor.WindowsStandalone.Extensions.dll
Registered in 0.013859 seconds.
Native extension for WindowsStandalone target not found
Native extension for Android target not found
Native extension for WebGL target not found
Refreshing native plugins compatible for Editor in 167.59 ms, found 4 plugins.
Preloading 0 native plugins for Editor in 0.00 ms.
Mono: successfully reloaded assembly
- Completed reload, in  1.600 seconds
Domain Reload Profiling:
	ReloadAssembly (1601ms)
		BeginReloadAssembly (127ms)
			ExecutionOrderSort (0ms)
			DisableScriptedObjects (0ms)
			BackupInstance (0ms)
			ReleaseScriptingObjects (0ms)
			CreateAndSetChildDomain (1ms)
		EndReloadAssembly (1075ms)
			LoadAssemblies (126ms)
			RebuildTransferFunctionScriptingTraits (0ms)
			SetupTypeCache (391ms)
			ReleaseScriptCaches (0ms)
			RebuildScriptCaches (59ms)
			SetupLoadedEditorAssemblies (532ms)
				LogAssemblyErrors (0ms)
				InitializePlatformSupportModulesInManaged (81ms)
				SetLoadedEditorAssemblies (0ms)
				RefreshPlugins (168ms)
				BeforeProcessingInitializeOnLoad (2ms)
				ProcessInitializeOnLoadAttributes (193ms)
				ProcessInitializeOnLoadMethodAttributes (89ms)
				AfterProcessingInitializeOnLoad (0ms)
				EditorAssembliesLoaded (0ms)
			ExecutionOrderSort2 (0ms)
			AwakeInstancesAfterBackupRestoration (0ms)
Platform modules already initialized, skipping
Registering precompiled user dll's ...
Registered in 0.015597 seconds.
Begin MonoManager ReloadAssembly
Symbol file LoadedFromMemory doesn't match image C:\Users\qingc\OneDrive - McGill University\Unity\My project\Fox Adventure VisualScript\Library\PackageCache\com.unity.visualscripting@1.7.8\Editor\VisualScripting.Core\Dependencies\YamlDotNet\Unity.VisualScripting.YamlDotNet.dll
Symbol file LoadedFromMemory doesn't match image C:\Users\qingc\OneDrive - McGill University\Unity\My project\Fox Adventure VisualScript\Library\PackageCache\com.unity.visualscripting@1.7.8\Editor\VisualScripting.Core\Dependencies\DotNetZip\Unity.VisualScripting.IonicZip.dll
Native extension for WindowsStandalone target not found
Native extension for Android target not found
Native extension for WebGL target not found
Refreshing native plugins compatible for Editor in 180.12 ms, found 4 plugins.
Preloading 0 native plugins for Editor in 0.00 ms.
System.Exception: Error! Visual Scripting: couldn't find visual scripting package
  at Unity.VisualScripting.PackageVersionUtility.get_version () [0x00043] in C:\Users\qingc\OneDrive - McGill University\Unity\My project\Fox Adventure VisualScript\Library\PackageCache\com.unity.visualscripting@1.7.8\Editor\VisualScripting.Core\Utilities\PackageVersionUtility.cs:31 
  at Unity.VisualScripting.BoltCoreManifest.get_version () [0x00000] in C:\Users\qingc\OneDrive - McGill University\Unity\My project\Fox Adventure VisualScript\Library\PackageCache\com.unity.visualscripting@1.7.8\Editor\VisualScripting.Core\Plugin\BoltCoreManifest.cs:11 
  at Unity.VisualScripting.PluginManifest.get_currentVersion () [0x00000] in C:\Users\qingc\OneDrive - McGill University\Unity\My project\Fox Adventure VisualScript\Library\PackageCache\com.unity.visualscripting@1.7.8\Editor\VisualScripting.Core\Plugins\PluginManifest.cs:33 
  at Unity.VisualScripting.PluginManifest.get_versionMismatch () [0x00000] in C:\Users\qingc\OneDrive - McGill University\Unity\My project\Fox Adventure VisualScript\Library\PackageCache\com.unity.visualscripting@1.7.8\Editor\VisualScripting.Core\Plugins\PluginManifest.cs:48 
  at Unity.VisualScripting.PluginContainer.Initialize () [0x00525] in C:\Users\qingc\OneDrive - McGill University\Unity\My project\Fox Adventure VisualScript\Library\PackageCache\com.unity.visualscripting@1.7.8\Editor\VisualScripting.Core\Plugins\PluginContainer.cs:208 
  at Unity.VisualScripting.PluginContainer.InitializeOnLoad () [0x00009] in C:\Users\qingc\OneDrive - McGill University\Unity\My project\Fox Adventure VisualScript\Library\PackageCache\com.unity.visualscripting@1.7.8\Editor\VisualScripting.Core\Plugins\PluginContainer.cs:32 
  at Unity.VisualScripting.VSUsageUtility.DoInitializeOnLoadCalls () [0x00034] in C:\Users\qingc\OneDrive - McGill University\Unity\My project\Fox Adventure VisualScript\Library\PackageCache\com.unity.visualscripting@1.7.8\Editor\VisualScripting.Core\Utilities\VSUsageUtility.cs:76 
  at Unity.VisualScripting.VSUsageUtility.set_isVisualScriptingUsed (System.Boolean value) [0x0002c] in C:\Users\qingc\OneDrive - McGill University\Unity\My project\Fox Adventure VisualScript\Library\PackageCache\com.unity.visualscripting@1.7.8\Editor\VisualScripting.Core\Utilities\VSUsageUtility.cs:114 
  at Unity.VisualScripting.VSUsageUtility.CheckAndSetIsVisualScriptingUsed () [0x00032] in C:\Users\qingc\OneDrive - McGill University\Unity\My project\Fox Adventure VisualScript\Library\PackageCache\com.unity.visualscripting@1.7.8\Editor\VisualScripting.Core\Utilities\VSUsageUtility.cs:48 
  at Unity.VisualScripting.VSUsageUtility..cctor () [0x00000] in C:\Users\qingc\OneDrive - McGill University\Unity\My project\Fox Adventure VisualScript\Library\PackageCache\com.unity.visualscripting@1.7.8\Editor\VisualScripting.Core\Utilities\VSUsageUtility.cs:22 
UnityEngine.StackTraceUtility:ExtractStackTrace ()
UnityEngine.DebugLogHandler:LogFormat (UnityEngine.LogType,UnityEngine.Object,string,object[])
UnityEngine.Logger:Log (UnityEngine.LogType,object)
UnityEngine.Debug:LogError (object)
UnityEditor.EditorAssemblies:ProcessInitializeOnLoadAttributes (System.Type[])

Mono: successfully reloaded assembly
- Completed reload, in  2.807 seconds
Domain Reload Profiling:
	ReloadAssembly (2808ms)
		BeginReloadAssembly (208ms)
			ExecutionOrderSort (0ms)
			DisableScriptedObjects (10ms)
			BackupInstance (0ms)
			ReleaseScriptingObjects (0ms)
			CreateAndSetChildDomain (29ms)
		EndReloadAssembly (2374ms)
			LoadAssemblies (159ms)
			RebuildTransferFunctionScriptingTraits (0ms)
			SetupTypeCache (442ms)
			ReleaseScriptCaches (1ms)
			RebuildScriptCaches (123ms)
			SetupLoadedEditorAssemblies (1543ms)
				LogAssemblyErrors (0ms)
				InitializePlatformSupportModulesInManaged (29ms)
				SetLoadedEditorAssemblies (0ms)
				RefreshPlugins (180ms)
				BeforeProcessingInitializeOnLoad (177ms)
				ProcessInitializeOnLoadAttributes (1079ms)
				ProcessInitializeOnLoadMethodAttributes (64ms)
				AfterProcessingInitializeOnLoad (13ms)
				EditorAssembliesLoaded (0ms)
			ExecutionOrderSort2 (0ms)
			AwakeInstancesAfterBackupRestoration (8ms)
Platform modules already initialized, skipping
========================================================================
Worker process is ready to serve import requests
Launched and connected shader compiler UnityShaderCompiler.exe after 0.10 seconds
Refreshing native plugins compatible for Editor in 1.01 ms, found 4 plugins.
Preloading 0 native plugins for Editor in 0.00 ms.
Unloading 4043 Unused Serialized files (Serialized files now loaded: 0)
Unloading 44 unused Assets / (228.9 KB). Loaded Objects now: 4497.
Memory consumption went from 152.2 MB to 152.0 MB.
Total: 18.144600 ms (FindLiveObjects: 0.544800 ms CreateObjectMapping: 0.397400 ms MarkObjects: 16.891800 ms  DeleteObjects: 0.307600 ms)

AssetImportParameters requested are different than current active one (requested -> active):
  custom:video-decoder-ogg-theora: a1e56fd34408186e4bbccfd4996cb3dc -> 
  custom:container-muxer-webm: aa71ff27fc2769a1b78a27578f13a17b -> 
  custom:container-demuxer-webm: 4f35f7cbe854078d1ac9338744f61a02 -> 
  custom:video-encoder-webm-vp8: eb34c28f22e8b96e1ab97ce403110664 -> 
  custom:video-codec-MediaFoundation-h265: 746d11721c4dcdbdad8f713fa42b33f4 -> 
  custom:audio-encoder-webm-vorbis: bf7c407c2cedff20999df2af8eb42d56 -> 
  custom:framework-win-MediaFoundation: 216162199b28c13a410421893ffa2e32 -> 
  custom:container-demuxer-ogg: 62fdf1f143b41e24485cea50d1cbac27 -> 
  custom:video-decoder-webm-vp8: 9c59270c3fd7afecdb556c50c9e8de78 -> 
  custom:audio-decoder-ogg-vorbis: bf7c407c2cedff20999df2af8eb42d56 -> 
========================================================================
Received Import Request.
  Time since last request: 28900.113170 seconds.
  path: Assets/SunnyLand Artwork/Sprites/Items/cherry/cherry-5.png
  artifactKey: Guid(273ba8fade558457eb836eefe69bba7f) Importer(2089858483,0ecaa5967403d082aa24f35e1b516d23)
Start importing Assets/SunnyLand Artwork/Sprites/Items/cherry/cherry-5.png using Guid(273ba8fade558457eb836eefe69bba7f) Importer(2089858483,0ecaa5967403d082aa24f35e1b516d23) Generated GUIDs only implemented for interfaces!
 -> (artifact id: 'dc15ef72ac2456a262c6ec826f163b0a') in 0.247157 seconds 
========================================================================
Received Import Request.
  Time since last request: 0.000029 seconds.
  path: Assets/SunnyLand Artwork/Sprites/player/run/player-run-2.png
  artifactKey: Guid(d094cf6ac3d8a4d0bbbef5d6d6ad3eed) Importer(2089858483,0ecaa5967403d082aa24f35e1b516d23)
Start importing Assets/SunnyLand Artwork/Sprites/player/run/player-run-2.png using Guid(d094cf6ac3d8a4d0bbbef5d6d6ad3eed) Importer(2089858483,0ecaa5967403d082aa24f35e1b516d23) Generated GUIDs only implemented for interfaces!
 -> (artifact id: 'c533037645e0277cda34913416ca35d9') in 0.045505 seconds 
========================================================================
Received Import Request.
  Time since last request: 0.000042 seconds.
  path: Assets/SunnyLand Artwork/Sprites/player/run/run-Animation.anim
  artifactKey: Guid(dc8c1a16f7ce5a94fa620ee313ea89b5) Importer(2089858483,0ecaa5967403d082aa24f35e1b516d23)
Start importing Assets/SunnyLand Artwork/Sprites/player/run/run-Animation.anim using Guid(dc8c1a16f7ce5a94fa620ee313ea89b5) Importer(2089858483,0ecaa5967403d082aa24f35e1b516d23) Generated GUIDs only implemented for interfaces!
 -> (artifact id: '86d46e4a5deb9b6c988c14360ebd9f61') in 0.026278 seconds 
========================================================================
Received Import Request.
  Time since last request: 0.000029 seconds.
  path: Assets/SunnyLand Artwork/Sprites/player/hurt/player-hurt-2.png
  artifactKey: Guid(a85f3724632254a6cb24066dc54cbf60) Importer(2089858483,0ecaa5967403d082aa24f35e1b516d23)
Start importing Assets/SunnyLand Artwork/Sprites/player/hurt/player-hurt-2.png using Guid(a85f3724632254a6cb24066dc54cbf60) Importer(2089858483,0ecaa5967403d082aa24f35e1b516d23) Generated GUIDs only implemented for interfaces!
 -> (artifact id: '22cc806a94a99b6f5b96c34d76011742') in 0.038200 seconds 
========================================================================
Received Import Request.
  Time since last request: 0.000030 seconds.
  path: Assets/SunnyLand Artwork/Sprites/player/idle/player-idle-4.png
  artifactKey: Guid(8bc3c2c2a565342aab778fd8e874313a) Importer(2089858483,0ecaa5967403d082aa24f35e1b516d23)
Start importing Assets/SunnyLand Artwork/Sprites/player/idle/player-idle-4.png using Guid(8bc3c2c2a565342aab778fd8e874313a) Importer(2089858483,0ecaa5967403d082aa24f35e1b516d23) Generated GUIDs only implemented for interfaces!
 -> (artifact id: '3b9ff78a4fcdc89850568d08618dfb53') in 0.040409 seconds 
========================================================================
Received Import Request.
  Time since last request: 0.000029 seconds.
  path: Assets/SunnyLand Artwork/Sprites/player/jump/player-jump-1.png
  artifactKey: Guid(e2976d09b53264ffbbb9210a1ae1dcc0) Importer(2089858483,0ecaa5967403d082aa24f35e1b516d23)
Start importing Assets/SunnyLand Artwork/Sprites/player/jump/player-jump-1.png using Guid(e2976d09b53264ffbbb9210a1ae1dcc0) Importer(2089858483,0ecaa5967403d082aa24f35e1b516d23) Generated GUIDs only implemented for interfaces!
 -> (artifact id: '353bf14beb3b31bd9705185b558d82b2') in 0.037909 seconds 
========================================================================
Received Import Request.
  Time since last request: 0.000031 seconds.
  path: Assets/SunnyLand Artwork/Sprites/player/idle/player-idle-2.png
  artifactKey: Guid(c8a742c1f2ebb43b9afe34a47304c051) Importer(2089858483,0ecaa5967403d082aa24f35e1b516d23)
Start importing Assets/SunnyLand Artwork/Sprites/player/idle/player-idle-2.png using Guid(c8a742c1f2ebb43b9afe34a47304c051) Importer(2089858483,0ecaa5967403d082aa24f35e1b516d23) Generated GUIDs only implemented for interfaces!
 -> (artifact id: 'f58febd409f0ebcd91b9fc13b5e26f5c') in 0.037649 seconds 
========================================================================
Received Import Request.
  Time since last request: 0.000034 seconds.
  path: Assets/SunnyLand Artwork/Sprites/Items/cherry/cherry-1.controller
  artifactKey: Guid(7f79d1aa08490e94bbaaea67098732b1) Importer(2089858483,0ecaa5967403d082aa24f35e1b516d23)
Start importing Assets/SunnyLand Artwork/Sprites/Items/cherry/cherry-1.controller using Guid(7f79d1aa08490e94bbaaea67098732b1) Importer(2089858483,0ecaa5967403d082aa24f35e1b516d23) Generated GUIDs only implemented for interfaces!
 -> (artifact id: '2d1f1e1825e9ab01ffe8c69ba39e19c8') in 0.030023 seconds 
========================================================================
Received Import Request.
  Time since last request: 0.000055 seconds.
  path: Assets/SunnyLand Artwork/Sprites/Items/cherry/Cherry-Animation.anim
  artifactKey: Guid(63587be96931747449986dd46c5bf247) Importer(2089858483,0ecaa5967403d082aa24f35e1b516d23)
Start importing Assets/SunnyLand Artwork/Sprites/Items/cherry/Cherry-Animation.anim using Guid(63587be96931747449986dd46c5bf247) Importer(2089858483,0ecaa5967403d082aa24f35e1b516d23) Generated GUIDs only implemented for interfaces!
 -> (artifact id: 'f09a6134eb271421e0ed6cc8f8ca11ce') in 0.018542 seconds 
========================================================================
Received Import Request.
  Time since last request: 0.000135 seconds.
  path: Assets/SunnyLand Artwork/Sprites/Enemies/bat/bat-fly/bat-fly-Animation.anim
  artifactKey: Guid(6fe3e31b603eba04db447b345c24dd10) Importer(2089858483,0ecaa5967403d082aa24f35e1b516d23)
Start importing Assets/SunnyLand Artwork/Sprites/Enemies/bat/bat-fly/bat-fly-Animation.anim using Guid(6fe3e31b603eba04db447b345c24dd10) Importer(2089858483,0ecaa5967403d082aa24f35e1b516d23) Generated GUIDs only implemented for interfaces!
 -> (artifact id: 'e757c046ce78ada5b1ce6f10aa4ea00e') in 0.021333 seconds 
========================================================================
Received Import Request.
  Time since last request: 0.000030 seconds.
  path: Assets/Tilemap/tileset_55.asset
  artifactKey: Guid(2f46a677f1d64fc4e915ba1df3bb3a49) Importer(2089858483,0ecaa5967403d082aa24f35e1b516d23)
Start importing Assets/Tilemap/tileset_55.asset using Guid(2f46a677f1d64fc4e915ba1df3bb3a49) Importer(2089858483,0ecaa5967403d082aa24f35e1b516d23) Generated GUIDs only implemented for interfaces!
 -> (artifact id: '203ed44f3bd904ecd6755308240abe33') in 0.046570 seconds 
========================================================================
Received Import Request.
  Time since last request: 0.000021 seconds.
  path: Assets/Tilemap/tileset-sliced_96.asset
  artifactKey: Guid(2da0581e3a69dee46bd67ef0558303bd) Importer(2089858483,0ecaa5967403d082aa24f35e1b516d23)
Start importing Assets/Tilemap/tileset-sliced_96.asset using Guid(2da0581e3a69dee46bd67ef0558303bd) Importer(2089858483,0ecaa5967403d082aa24f35e1b516d23) Generated GUIDs only implemented for interfaces!
 -> (artifact id: 'f8d0995ddb5f273e07efbbc228c9c2bf') in 0.019093 seconds 
========================================================================
Received Import Request.
  Time since last request: 0.000029 seconds.
  path: Assets/Tilemap/tileset-sliced_123.asset
  artifactKey: Guid(e77276b823626c14383483ee1d7c42f9) Importer(2089858483,0ecaa5967403d082aa24f35e1b516d23)
Start importing Assets/Tilemap/tileset-sliced_123.asset using Guid(e77276b823626c14383483ee1d7c42f9) Importer(2089858483,0ecaa5967403d082aa24f35e1b516d23) Generated GUIDs only implemented for interfaces!
 -> (artifact id: '57b518cdf853bc48e92cbc8e407ce301') in 0.018609 seconds 
========================================================================
Received Import Request.
  Time since last request: 0.000037 seconds.
  path: Assets/SunnyLand Artwork/Sprites/Enemies/frog/idle/frog-idle-1.png
  artifactKey: Guid(86ca59b9bca0e409b9ba2784fbe69f01) Importer(2089858483,0ecaa5967403d082aa24f35e1b516d23)
Start importing Assets/SunnyLand Artwork/Sprites/Enemies/frog/idle/frog-idle-1.png using Guid(86ca59b9bca0e409b9ba2784fbe69f01) Importer(2089858483,0ecaa5967403d082aa24f35e1b516d23) Generated GUIDs only implemented for interfaces!
 -> (artifact id: '8861759a9ad3104516c3c9bca8cdbe6c') in 0.042164 seconds 
========================================================================
Received Import Request.
  Time since last request: 0.000038 seconds.
  path: Assets/SunnyLand Artwork/Sprites/Enemies/bat/bat-hang/Bat-Hang-Animation.anim
  artifactKey: Guid(ef1b15cc576e3b344a8a9e036549b0cd) Importer(2089858483,0ecaa5967403d082aa24f35e1b516d23)
Start importing Assets/SunnyLand Artwork/Sprites/Enemies/bat/bat-hang/Bat-Hang-Animation.anim using Guid(ef1b15cc576e3b344a8a9e036549b0cd) Importer(2089858483,0ecaa5967403d082aa24f35e1b516d23) Generated GUIDs only implemented for interfaces!
 -> (artifact id: '377646af76c56a7dd1224219f970e5ff') in 0.029367 seconds 
========================================================================
Received Import Request.
  Time since last request: 0.000042 seconds.
  path: Assets/SunnyLand Artwork/Sprites/Enemies/frog/idle/frog-idle-4.png
  artifactKey: Guid(b0305a6bb0adb4f66b864290967ea22b) Importer(2089858483,0ecaa5967403d082aa24f35e1b516d23)
Start importing Assets/SunnyLand Artwork/Sprites/Enemies/frog/idle/frog-idle-4.png using Guid(b0305a6bb0adb4f66b864290967ea22b) Importer(2089858483,0ecaa5967403d082aa24f35e1b516d23) Generated GUIDs only implemented for interfaces!
 -> (artifact id: '5d87860314a091f1a598a7ebda9704b7') in 0.035573 seconds 
========================================================================
Received Import Request.
  Time since last request: 0.000045 seconds.
  path: Assets/SunnyLand Artwork/Sprites/Enemies/frog/idle/frog-idle-2.png
  artifactKey: Guid(116ac2caa16ad4f73af4539f8b07d019) Importer(2089858483,0ecaa5967403d082aa24f35e1b516d23)
Start importing Assets/SunnyLand Artwork/Sprites/Enemies/frog/idle/frog-idle-2.png using Guid(116ac2caa16ad4f73af4539f8b07d019) Importer(2089858483,0ecaa5967403d082aa24f35e1b516d23) Generated GUIDs only implemented for interfaces!
 -> (artifact id: 'e770e0650c7b2d08b4896072b45c9681') in 0.038478 seconds 
========================================================================
Received Import Request.
  Time since last request: 0.000036 seconds.
  path: Assets/SunnyLand Artwork/Sprites/Enemies/bat/bat-fly/bat-fly2.png
  artifactKey: Guid(5a464ebfa54da16439b0d2aa99592a78) Importer(2089858483,0ecaa5967403d082aa24f35e1b516d23)
Start importing Assets/SunnyLand Artwork/Sprites/Enemies/bat/bat-fly/bat-fly2.png using Guid(5a464ebfa54da16439b0d2aa99592a78) Importer(2089858483,0ecaa5967403d082aa24f35e1b516d23) Generated GUIDs only implemented for interfaces!
 -> (artifact id: '42be42c33757637683632775af887473') in 0.036756 seconds 
========================================================================
Received Import Request.
  Time since last request: 0.000035 seconds.
  path: Assets/Tilemap/tileset_59.asset
  artifactKey: Guid(fb3f9d3b2c2e01d46859aae748692923) Importer(2089858483,0ecaa5967403d082aa24f35e1b516d23)
Start importing Assets/Tilemap/tileset_59.asset using Guid(fb3f9d3b2c2e01d46859aae748692923) Importer(2089858483,0ecaa5967403d082aa24f35e1b516d23) Generated GUIDs only implemented for interfaces!
 -> (artifact id: 'd4332dd03714fc0482f5d14fa8092369') in 0.024852 seconds 
========================================================================
Received Import Request.
  Time since last request: 0.000031 seconds.
  path: Assets/Tilemap/tileset-sliced_14.asset
  artifactKey: Guid(70ef95d2121c6204d95aeb88bfbc0504) Importer(2089858483,0ecaa5967403d082aa24f35e1b516d23)
Start importing Assets/Tilemap/tileset-sliced_14.asset using Guid(70ef95d2121c6204d95aeb88bfbc0504) Importer(2089858483,0ecaa5967403d082aa24f35e1b516d23) Generated GUIDs only implemented for interfaces!
 -> (artifact id: 'e288e0fe24e5df15fb147121b94284eb') in 0.020353 seconds 
========================================================================
Received Import Request.
  Time since last request: 0.000045 seconds.
  path: Assets/Tilemap/tileset-sliced_94.asset
  artifactKey: Guid(ccae5e21ee7ee474d9191b4fc01077a5) Importer(2089858483,0ecaa5967403d082aa24f35e1b516d23)
Start importing Assets/Tilemap/tileset-sliced_94.asset using Guid(ccae5e21ee7ee474d9191b4fc01077a5) Importer(2089858483,0ecaa5967403d082aa24f35e1b516d23) Generated GUIDs only implemented for interfaces!
 -> (artifact id: 'cf9848ba802139c66d923fd54d0e4a6a') in 0.023938 seconds 
========================================================================
Received Import Request.
  Time since last request: 0.000045 seconds.
  path: Assets/Tilemap/tileset-sliced_55.asset
  artifactKey: Guid(7ae52af6c6ab1f340aa1a4291347c476) Importer(2089858483,0ecaa5967403d082aa24f35e1b516d23)
Start importing Assets/Tilemap/tileset-sliced_55.asset using Guid(7ae52af6c6ab1f340aa1a4291347c476) Importer(2089858483,0ecaa5967403d082aa24f35e1b516d23) Generated GUIDs only implemented for interfaces!
 -> (artifact id: '67163621684ecbd27d32591f786b3d21') in 0.020688 seconds 
========================================================================
Received Import Request.
  Time since last request: 0.000069 seconds.
  path: Assets/Tilemap/tileset-sliced_13.asset
  artifactKey: Guid(b7db3835f44776744aa6b17f5fe0bd26) Importer(2089858483,0ecaa5967403d082aa24f35e1b516d23)
Start importing Assets/Tilemap/tileset-sliced_13.asset using Guid(b7db3835f44776744aa6b17f5fe0bd26) Importer(2089858483,0ecaa5967403d082aa24f35e1b516d23) Generated GUIDs only implemented for interfaces!
 -> (artifact id: '30414ba57bd6769ed74eaadb784deb5c') in 0.022210 seconds 
========================================================================
Received Import Request.
  Time since last request: 0.000029 seconds.
  path: Assets/SunnyLand Artwork/Environment/props/sign.png
  artifactKey: Guid(42820af2772f24bda991ed7de294c2fd) Importer(2089858483,0ecaa5967403d082aa24f35e1b516d23)
Start importing Assets/SunnyLand Artwork/Environment/props/sign.png using Guid(42820af2772f24bda991ed7de294c2fd) Importer(2089858483,0ecaa5967403d082aa24f35e1b516d23) Generated GUIDs only implemented for interfaces!
 -> (artifact id: 'd3028b300a6d4e31f9d0bddc03b40114') in 0.036485 seconds 
========================================================================
Received Import Request.
  Time since last request: 0.000035 seconds.
  path: Assets/Tilemap/tileset_102.asset
  artifactKey: Guid(5c30538ad81883644914a2f7fa4ba235) Importer(2089858483,0ecaa5967403d082aa24f35e1b516d23)
Start importing Assets/Tilemap/tileset_102.asset using Guid(5c30538ad81883644914a2f7fa4ba235) Importer(2089858483,0ecaa5967403d082aa24f35e1b516d23) Generated GUIDs only implemented for interfaces!
 -> (artifact id: '7b1532fa95a5e508bca033018970d1e0') in 0.025865 seconds 
========================================================================
Received Import Request.
  Time since last request: 0.000036 seconds.
  path: Assets/Tilemap/tileset-sliced_79.asset
  artifactKey: Guid(f842f5272625778499f47758a1ba3122) Importer(2089858483,0ecaa5967403d082aa24f35e1b516d23)
Start importing Assets/Tilemap/tileset-sliced_79.asset using Guid(f842f5272625778499f47758a1ba3122) Importer(2089858483,0ecaa5967403d082aa24f35e1b516d23) Generated GUIDs only implemented for interfaces!
 -> (artifact id: '553d5618a0d16699add76bc6c5532c6f') in 0.017148 seconds 
========================================================================
Received Import Request.
  Time since last request: 0.000028 seconds.
  path: Assets/Tilemap/tileset_0.asset
  artifactKey: Guid(4ad27f0e10458634e88329a569e59be2) Importer(2089858483,0ecaa5967403d082aa24f35e1b516d23)
Start importing Assets/Tilemap/tileset_0.asset using Guid(4ad27f0e10458634e88329a569e59be2) Importer(2089858483,0ecaa5967403d082aa24f35e1b516d23) Generated GUIDs only implemented for interfaces!
 -> (artifact id: '9160ca675e62460499d527cfeadbc3a0') in 0.024729 seconds 
========================================================================
Received Import Request.
  Time since last request: 0.000028 seconds.
  path: Assets/Tilemap/tileset-sliced_41.asset
  artifactKey: Guid(34e7085cd8d4f5347b0a181164941bef) Importer(2089858483,0ecaa5967403d082aa24f35e1b516d23)
Start importing Assets/Tilemap/tileset-sliced_41.asset using Guid(34e7085cd8d4f5347b0a181164941bef) Importer(2089858483,0ecaa5967403d082aa24f35e1b516d23) Generated GUIDs only implemented for interfaces!
 -> (artifact id: 'e08ed5d21105ac86fca2b521865161e4') in 0.021546 seconds 
========================================================================
Received Import Request.
  Time since last request: 0.000040 seconds.
  path: Assets/Tilemap/tileset_107.asset
  artifactKey: Guid(dc5ccd759b78a984eb2da40fa009bbac) Importer(2089858483,0ecaa5967403d082aa24f35e1b516d23)
Start importing Assets/Tilemap/tileset_107.asset using Guid(dc5ccd759b78a984eb2da40fa009bbac) Importer(2089858483,0ecaa5967403d082aa24f35e1b516d23) Generated GUIDs only implemented for interfaces!
 -> (artifact id: '0b90d27b2b2c83bb8e9ca966e3b7d7db') in 0.030102 seconds 
========================================================================
Received Import Request.
  Time since last request: 0.000040 seconds.
  path: Assets/Tilemap/tileset-sliced_127.asset
  artifactKey: Guid(ec3def75f01e94748978c225c79d0db9) Importer(2089858483,0ecaa5967403d082aa24f35e1b516d23)
Start importing Assets/Tilemap/tileset-sliced_127.asset using Guid(ec3def75f01e94748978c225c79d0db9) Importer(2089858483,0ecaa5967403d082aa24f35e1b516d23) Generated GUIDs only implemented for interfaces!
 -> (artifact id: '6b2598e1aec8ffd8c42d5a098aab0665') in 0.023355 seconds 
========================================================================
Received Import Request.
  Time since last request: 0.000041 seconds.
  path: Assets/Tilemap/tileset-sliced_56.asset
  artifactKey: Guid(94aa16297ba86b84d90dd5ebd3ce384f) Importer(2089858483,0ecaa5967403d082aa24f35e1b516d23)
Start importing Assets/Tilemap/tileset-sliced_56.asset using Guid(94aa16297ba86b84d90dd5ebd3ce384f) Importer(2089858483,0ecaa5967403d082aa24f35e1b516d23) Generated GUIDs only implemented for interfaces!
 -> (artifact id: '3ad1e8fce34e63f39afbfd755ada94e1') in 0.020742 seconds 
========================================================================
Received Import Request.
  Time since last request: 0.000046 seconds.
  path: Assets/Tilemap/tileset_35.asset
  artifactKey: Guid(4d2f445386a10364f9cb8997efcc7109) Importer(2089858483,0ecaa5967403d082aa24f35e1b516d23)
Start importing Assets/Tilemap/tileset_35.asset using Guid(4d2f445386a10364f9cb8997efcc7109) Importer(2089858483,0ecaa5967403d082aa24f35e1b516d23) Generated GUIDs only implemented for interfaces!
 -> (artifact id: '1e3fb8019a99290f6bc82bae425f5f6f') in 0.031473 seconds 
========================================================================
Received Import Request.
  Time since last request: 0.000033 seconds.
  path: Assets/Tilemap/tileset_63.asset
  artifactKey: Guid(8bb1706f74039d849ad8fd63e0e56194) Importer(2089858483,0ecaa5967403d082aa24f35e1b516d23)
Start importing Assets/Tilemap/tileset_63.asset using Guid(8bb1706f74039d849ad8fd63e0e56194) Importer(2089858483,0ecaa5967403d082aa24f35e1b516d23) Generated GUIDs only implemented for interfaces!
 -> (artifact id: '836ed1713e7b469cb108211848bb1b80') in 0.028275 seconds 
========================================================================
Received Import Request.
  Time since last request: 0.000028 seconds.
  path: Assets/Tilemap/tileset_38.asset
  artifactKey: Guid(0ed87fb31162c124395a6e5eacb79b4c) Importer(2089858483,0ecaa5967403d082aa24f35e1b516d23)
Start importing Assets/Tilemap/tileset_38.asset using Guid(0ed87fb31162c124395a6e5eacb79b4c) Importer(2089858483,0ecaa5967403d082aa24f35e1b516d23) Generated GUIDs only implemented for interfaces!
 -> (artifact id: 'c5f57791b91b8271bdfaa8a883191c31') in 0.029286 seconds 
========================================================================
Received Import Request.
  Time since last request: 0.000032 seconds.
  path: Assets/Tilemap/tileset_110.asset
  artifactKey: Guid(3ca9990867e269b45aaf164f7e3d84df) Importer(2089858483,0ecaa5967403d082aa24f35e1b516d23)
Start importing Assets/Tilemap/tileset_110.asset using Guid(3ca9990867e269b45aaf164f7e3d84df) Importer(2089858483,0ecaa5967403d082aa24f35e1b516d23) Generated GUIDs only implemented for interfaces!
 -> (artifact id: 'a5cdfb95fb1bb2bd3d606815cdb5f915') in 0.055265 seconds 
========================================================================
Received Import Request.
  Time since last request: 0.000063 seconds.
  path: Assets/Tilemap/tileset-sliced_51.asset
  artifactKey: Guid(3bd0c7c51a16804468adfa1189f4d3e7) Importer(2089858483,0ecaa5967403d082aa24f35e1b516d23)
Start importing Assets/Tilemap/tileset-sliced_51.asset using Guid(3bd0c7c51a16804468adfa1189f4d3e7) Importer(2089858483,0ecaa5967403d082aa24f35e1b516d23) Generated GUIDs only implemented for interfaces!
 -> (artifact id: '1384f7501d05e4f77bbf5ebdec37d2b0') in 0.021858 seconds 
========================================================================
Received Import Request.
  Time since last request: 0.000028 seconds.
  path: Assets/Tilemap/tileset_18.asset
  artifactKey: Guid(0fb07c1a4e1326345bc621bb00160fec) Importer(2089858483,0ecaa5967403d082aa24f35e1b516d23)
Start importing Assets/Tilemap/tileset_18.asset using Guid(0fb07c1a4e1326345bc621bb00160fec) Importer(2089858483,0ecaa5967403d082aa24f35e1b516d23) Generated GUIDs only implemented for interfaces!
 -> (artifact id: 'be6718b22faff5ea4852e84b11011cc8') in 0.028374 seconds 
========================================================================
Received Import Request.
  Time since last request: 0.000038 seconds.
  path: Assets/Tilemap/tileset_106.asset
  artifactKey: Guid(feb7c546d2a4abd4c93f3236a91dbc84) Importer(2089858483,0ecaa5967403d082aa24f35e1b516d23)
Start importing Assets/Tilemap/tileset_106.asset using Guid(feb7c546d2a4abd4c93f3236a91dbc84) Importer(2089858483,0ecaa5967403d082aa24f35e1b516d23) Generated GUIDs only implemented for interfaces!
 -> (artifact id: '42f86aedb6492369cbe7cd92ed397c71') in 0.030474 seconds 
========================================================================
Received Prepare
Refreshing native plugins compatible for Editor in 13.70 ms, found 4 plugins.
Preloading 0 native plugins for Editor in 0.00 ms.
Unloading 31 Unused Serialized files (Serialized files now loaded: 0)
Unloading 31 unused Assets / (192.6 KB). Loaded Objects now: 4497.
Memory consumption went from 70.7 MB to 70.5 MB.
Total: 23.464500 ms (FindLiveObjects: 0.416300 ms CreateObjectMapping: 0.313500 ms MarkObjects: 22.486100 ms  DeleteObjects: 0.246800 ms)

AssetImportParameters requested are different than current active one (requested -> active):
  custom:video-decoder-ogg-theora: a1e56fd34408186e4bbccfd4996cb3dc -> 
  custom:container-muxer-webm: aa71ff27fc2769a1b78a27578f13a17b -> 
  custom:container-demuxer-webm: 4f35f7cbe854078d1ac9338744f61a02 -> 
  custom:video-encoder-webm-vp8: eb34c28f22e8b96e1ab97ce403110664 -> 
  custom:video-codec-MediaFoundation-h265: 746d11721c4dcdbdad8f713fa42b33f4 -> 
  custom:audio-encoder-webm-vorbis: bf7c407c2cedff20999df2af8eb42d56 -> 
  custom:framework-win-MediaFoundation: 216162199b28c13a410421893ffa2e32 -> 
  custom:SearchIndexIgnoredProperties: e643bd26f0fe6173181afceb89e7c659 -> 
  custom:container-demuxer-ogg: 62fdf1f143b41e24485cea50d1cbac27 -> 
  custom:video-decoder-webm-vp8: 9c59270c3fd7afecdb556c50c9e8de78 -> 
  custom:audio-decoder-ogg-vorbis: bf7c407c2cedff20999df2af8eb42d56 -> 
========================================================================
Received Import Request.
  Time since last request: 1357.190374 seconds.
  path: Assets/Script machines/PlayerMovement.asset
  artifactKey: Guid(af4eddbc7e2028a428c9513265670a0d) Importer(815301076,1909f56bfc062723c751e8b465ee728b)
Start importing Assets/Script machines/PlayerMovement.asset using Guid(af4eddbc7e2028a428c9513265670a0d) Importer(815301076,1909f56bfc062723c751e8b465ee728b)  -> (artifact id: '9981ee6db619a6023ad207fcdd31bbb7') in 1.142362 seconds 
========================================================================
Received Import Request.
  Time since last request: 56.549514 seconds.
  path: Assets/SunnyLand Artwork/Sprites/player/jump/player-fall.png
  artifactKey: Guid(598fb1767626f42e992bb9c2769d86ea) Importer(815301076,1909f56bfc062723c751e8b465ee728b)
Start importing Assets/SunnyLand Artwork/Sprites/player/jump/player-fall.png using Guid(598fb1767626f42e992bb9c2769d86ea) Importer(815301076,1909f56bfc062723c751e8b465ee728b)  -> (artifact id: '606fcc76ab3718f6653066dc45038600') in 0.135294 seconds 
========================================================================
Received Import Request.
  Time since last request: 0.819405 seconds.
  path: Assets/SunnyLand Artwork/Sprites/player/jump/player-fall.png
  artifactKey: Guid(598fb1767626f42e992bb9c2769d86ea) Importer(2089858483,0ecaa5967403d082aa24f35e1b516d23)
Start importing Assets/SunnyLand Artwork/Sprites/player/jump/player-fall.png using Guid(598fb1767626f42e992bb9c2769d86ea) Importer(2089858483,0ecaa5967403d082aa24f35e1b516d23) Generated GUIDs only implemented for interfaces!
 -> (artifact id: '1798be84c0c16c423aa75d2ca59722ca') in 0.033034 seconds 
========================================================================
Received Import Request.
  Time since last request: 9.787641 seconds.
  path: Assets/SunnyLand Artwork/Sprites/player/run/player-run-2.png
  artifactKey: Guid(d094cf6ac3d8a4d0bbbef5d6d6ad3eed) Importer(815301076,1909f56bfc062723c751e8b465ee728b)
Start importing Assets/SunnyLand Artwork/Sprites/player/run/player-run-2.png using Guid(d094cf6ac3d8a4d0bbbef5d6d6ad3eed) Importer(815301076,1909f56bfc062723c751e8b465ee728b)  -> (artifact id: 'd8c99df8bce2ca7ffa808574bc58ff74') in 0.023130 seconds 
========================================================================
Received Import Request.
  Time since last request: 0.000042 seconds.
  path: Assets/SunnyLand Artwork/Sprites/player/run/player-run-3.png
  artifactKey: Guid(3f59d4fdf4fe04ab79f11dadde82fe8c) Importer(815301076,1909f56bfc062723c751e8b465ee728b)
Start importing Assets/SunnyLand Artwork/Sprites/player/run/player-run-3.png using Guid(3f59d4fdf4fe04ab79f11dadde82fe8c) Importer(815301076,1909f56bfc062723c751e8b465ee728b)  -> (artifact id: 'd4eb194aceb34ac18b9c4aee3d51b94b') in 0.024654 seconds 
========================================================================
Received Import Request.
  Time since last request: 0.000048 seconds.
  path: Assets/SunnyLand Artwork/Sprites/player/run/player-run-5.png
  artifactKey: Guid(f58cc0961cc9146ca9780a0cb1327e5d) Importer(815301076,1909f56bfc062723c751e8b465ee728b)
Start importing Assets/SunnyLand Artwork/Sprites/player/run/player-run-5.png using Guid(f58cc0961cc9146ca9780a0cb1327e5d) Importer(815301076,1909f56bfc062723c751e8b465ee728b)  -> (artifact id: '932a5bdaddcfd1084f50d3ffe3f469c0') in 0.023213 seconds 
========================================================================
Received Import Request.
  Time since last request: 0.916567 seconds.
  path: Assets/SunnyLand Artwork/Sprites/player/run/player-run-4.png
  artifactKey: Guid(bc3fcf1d561104bea933686de6bade4b) Importer(2089858483,0ecaa5967403d082aa24f35e1b516d23)
Start importing Assets/SunnyLand Artwork/Sprites/player/run/player-run-4.png using Guid(bc3fcf1d561104bea933686de6bade4b) Importer(2089858483,0ecaa5967403d082aa24f35e1b516d23) Generated GUIDs only implemented for interfaces!
 -> (artifact id: '3aa4a5dc4d99977692521f724fd03407') in 0.023101 seconds 
========================================================================
Received Import Request.
  Time since last request: 0.000030 seconds.
  path: Assets/SunnyLand Artwork/Sprites/player/run/player-run-5.png
  artifactKey: Guid(f58cc0961cc9146ca9780a0cb1327e5d) Importer(2089858483,0ecaa5967403d082aa24f35e1b516d23)
Start importing Assets/SunnyLand Artwork/Sprites/player/run/player-run-5.png using Guid(f58cc0961cc9146ca9780a0cb1327e5d) Importer(2089858483,0ecaa5967403d082aa24f35e1b516d23) Generated GUIDs only implemented for interfaces!
 -> (artifact id: '46e62756530e82a65ffb87a3c1cf0b4c') in 0.030449 seconds 
========================================================================
Received Import Request.
  Time since last request: 0.000041 seconds.
  path: Assets/SunnyLand Artwork/Sprites/player/run/player-run-2.png
  artifactKey: Guid(d094cf6ac3d8a4d0bbbef5d6d6ad3eed) Importer(2089858483,0ecaa5967403d082aa24f35e1b516d23)
Start importing Assets/SunnyLand Artwork/Sprites/player/run/player-run-2.png using Guid(d094cf6ac3d8a4d0bbbef5d6d6ad3eed) Importer(2089858483,0ecaa5967403d082aa24f35e1b516d23) Generated GUIDs only implemented for interfaces!
 -> (artifact id: '986b855943706e33d89b62950d1b6bbf') in 0.028210 seconds 
========================================================================
Received Import Request.
  Time since last request: 27.107302 seconds.
  path: Assets/SunnyLand Artwork/Sprites/player/climb/player-climb-3.png
  artifactKey: Guid(eb5b673fa31e44bc9b15d686c24009da) Importer(815301076,1909f56bfc062723c751e8b465ee728b)
Start importing Assets/SunnyLand Artwork/Sprites/player/climb/player-climb-3.png using Guid(eb5b673fa31e44bc9b15d686c24009da) Importer(815301076,1909f56bfc062723c751e8b465ee728b)  -> (artifact id: 'c93b5a16f954cfb5eee49ef5f32688f4') in 0.020952 seconds 
========================================================================
Received Import Request.
  Time since last request: 0.972235 seconds.
  path: Assets/SunnyLand Artwork/Sprites/player/climb/player-climb-3.png
  artifactKey: Guid(eb5b673fa31e44bc9b15d686c24009da) Importer(2089858483,0ecaa5967403d082aa24f35e1b516d23)
Start importing Assets/SunnyLand Artwork/Sprites/player/climb/player-climb-3.png using Guid(eb5b673fa31e44bc9b15d686c24009da) Importer(2089858483,0ecaa5967403d082aa24f35e1b516d23) Generated GUIDs only implemented for interfaces!
 -> (artifact id: 'ca2ee78fb04fcf53e2f8d435629d7121') in 0.059342 seconds 
