Using pre-set license
Built from '2021.3/staging' branch; Version is '2021.3.14f1 (eee1884e7226) revision 15655304'; Using compiler version '192829333'; Build Type 'Release'
OS: 'Windows 10  (10.0.19045) 64bit Professional' Language: 'zh' Physical Memory: 16068 MB
BatchMode: 1, IsHumanControllingUs: 0, StartBugReporterOnCrash: 0, Is64bit: 1, IsPro: 1

COMMAND LINE ARGUMENTS:
C:\Program Files\Unity\Hub\Editor\2021.3.14f1\Editor\Unity.exe
-adb2
-batchMode
-noUpm
-name
AssetImportWorker1
-projectPath
C:/Users/qingc/OneDrive - McGill University/Unity/My project/Fox Adventure VisualScript
-logFile
Logs/AssetImportWorker1.log
-srvPort
55725
Successfully changed project path to: C:/Users/qingc/OneDrive - McGill University/Unity/My project/Fox Adventure VisualScript
C:/Users/qingc/OneDrive - McGill University/Unity/My project/Fox Adventure VisualScript
[UnityMemory] Configuration Parameters - Can be set up in boot.config
    "memorysetup-bucket-allocator-granularity=16"
    "memorysetup-bucket-allocator-bucket-count=8"
    "memorysetup-bucket-allocator-block-size=33554432"
    "memorysetup-bucket-allocator-block-count=8"
    "memorysetup-main-allocator-block-size=16777216"
    "memorysetup-thread-allocator-block-size=16777216"
    "memorysetup-gfx-main-allocator-block-size=16777216"
    "memorysetup-gfx-thread-allocator-block-size=16777216"
    "memorysetup-cache-allocator-block-size=4194304"
    "memorysetup-typetree-allocator-block-size=2097152"
    "memorysetup-profiler-bucket-allocator-granularity=16"
    "memorysetup-profiler-bucket-allocator-bucket-count=8"
    "memorysetup-profiler-bucket-allocator-block-size=33554432"
    "memorysetup-profiler-bucket-allocator-block-count=8"
    "memorysetup-profiler-allocator-block-size=16777216"
    "memorysetup-profiler-editor-allocator-block-size=1048576"
    "memorysetup-temp-allocator-size-main=16777216"
    "memorysetup-job-temp-allocator-block-size=2097152"
    "memorysetup-job-temp-allocator-block-size-background=1048576"
    "memorysetup-job-temp-allocator-reduction-small-platforms=262144"
    "memorysetup-temp-allocator-size-background-worker=32768"
    "memorysetup-temp-allocator-size-job-worker=262144"
    "memorysetup-temp-allocator-size-preload-manager=33554432"
    "memorysetup-temp-allocator-size-nav-mesh-worker=65536"
    "memorysetup-temp-allocator-size-audio-worker=65536"
    "memorysetup-temp-allocator-size-cloud-worker=32768"
    "memorysetup-temp-allocator-size-gi-baking-worker=262144"
    "memorysetup-temp-allocator-size-gfx=262144"
Refreshing native plugins compatible for Editor in 100.73 ms, found 4 plugins.
Preloading 0 native plugins for Editor in 0.00 ms.
Initialize engine version: 2021.3.14f1 (eee1884e7226)
[Subsystems] Discovering subsystems at path C:/Program Files/Unity/Hub/Editor/2021.3.14f1/Editor/Data/Resources/UnitySubsystems
[Subsystems] Discovering subsystems at path C:/Users/qingc/OneDrive - McGill University/Unity/My project/Fox Adventure VisualScript/Assets
GfxDevice: creating device client; threaded=0; jobified=0
Direct3D:
    Version:  Direct3D 11.0 [level 11.1]
    Renderer: Intel(R) Iris(R) Xe Graphics (ID=0x46a8)
    Vendor:   Intel
    VRAM:     8034 MB
    Driver:   31.0.101.4255
Initialize mono
Mono path[0] = 'C:/Program Files/Unity/Hub/Editor/2021.3.14f1/Editor/Data/Managed'
Mono path[1] = 'C:/Program Files/Unity/Hub/Editor/2021.3.14f1/Editor/Data/MonoBleedingEdge/lib/mono/unityjit-win32'
Mono config path = 'C:/Program Files/Unity/Hub/Editor/2021.3.14f1/Editor/Data/MonoBleedingEdge/etc'
Using monoOptions --debugger-agent=transport=dt_socket,embedding=1,server=y,suspend=n,address=127.0.0.1:56560
Begin MonoManager ReloadAssembly
Registering precompiled unity dll's ...
Register platform support module: C:/Program Files/Unity/Hub/Editor/2021.3.14f1/Editor/Data/PlaybackEngines/WebGLSupport/UnityEditor.WebGL.Extensions.dll
Register platform support module: C:/Program Files/Unity/Hub/Editor/2021.3.14f1/Editor/Data/PlaybackEngines/AndroidPlayer/UnityEditor.Android.Extensions.dll
Register platform support module: C:/Program Files/Unity/Hub/Editor/2021.3.14f1/Editor/Data/PlaybackEngines/WindowsStandaloneSupport/UnityEditor.WindowsStandalone.Extensions.dll
Registered in 0.007327 seconds.
Native extension for WindowsStandalone target not found
Native extension for Android target not found
Native extension for WebGL target not found
Refreshing native plugins compatible for Editor in 91.71 ms, found 4 plugins.
Preloading 0 native plugins for Editor in 0.00 ms.
Mono: successfully reloaded assembly
- Completed reload, in  0.858 seconds
Domain Reload Profiling:
	ReloadAssembly (859ms)
		BeginReloadAssembly (131ms)
			ExecutionOrderSort (0ms)
			DisableScriptedObjects (0ms)
			BackupInstance (0ms)
			ReleaseScriptingObjects (0ms)
			CreateAndSetChildDomain (1ms)
		EndReloadAssembly (604ms)
			LoadAssemblies (128ms)
			RebuildTransferFunctionScriptingTraits (0ms)
			SetupTypeCache (216ms)
			ReleaseScriptCaches (0ms)
			RebuildScriptCaches (32ms)
			SetupLoadedEditorAssemblies (296ms)
				LogAssemblyErrors (0ms)
				InitializePlatformSupportModulesInManaged (49ms)
				SetLoadedEditorAssemblies (0ms)
				RefreshPlugins (92ms)
				BeforeProcessingInitializeOnLoad (1ms)
				ProcessInitializeOnLoadAttributes (106ms)
				ProcessInitializeOnLoadMethodAttributes (48ms)
				AfterProcessingInitializeOnLoad (0ms)
				EditorAssembliesLoaded (0ms)
			ExecutionOrderSort2 (0ms)
			AwakeInstancesAfterBackupRestoration (0ms)
Platform modules already initialized, skipping
Registering precompiled user dll's ...
Registered in 0.008316 seconds.
Begin MonoManager ReloadAssembly
Symbol file LoadedFromMemory doesn't match image C:\Users\qingc\OneDrive - McGill University\Unity\My project\Fox Adventure VisualScript\Library\PackageCache\com.unity.visualscripting@1.7.8\Editor\VisualScripting.Core\Dependencies\YamlDotNet\Unity.VisualScripting.YamlDotNet.dll
Symbol file LoadedFromMemory doesn't match image C:\Users\qingc\OneDrive - McGill University\Unity\My project\Fox Adventure VisualScript\Library\PackageCache\com.unity.visualscripting@1.7.8\Editor\VisualScripting.Core\Dependencies\DotNetZip\Unity.VisualScripting.IonicZip.dll
Native extension for WindowsStandalone target not found
Native extension for Android target not found
Native extension for WebGL target not found
Refreshing native plugins compatible for Editor in 97.26 ms, found 4 plugins.
Preloading 0 native plugins for Editor in 0.00 ms.
Mono: successfully reloaded assembly
- Completed reload, in  1.388 seconds
Domain Reload Profiling:
	ReloadAssembly (1389ms)
		BeginReloadAssembly (118ms)
			ExecutionOrderSort (0ms)
			DisableScriptedObjects (6ms)
			BackupInstance (0ms)
			ReleaseScriptingObjects (0ms)
			CreateAndSetChildDomain (20ms)
		EndReloadAssembly (1146ms)
			LoadAssemblies (108ms)
			RebuildTransferFunctionScriptingTraits (0ms)
			SetupTypeCache (290ms)
			ReleaseScriptCaches (1ms)
			RebuildScriptCaches (77ms)
			SetupLoadedEditorAssemblies (572ms)
				LogAssemblyErrors (0ms)
				InitializePlatformSupportModulesInManaged (16ms)
				SetLoadedEditorAssemblies (0ms)
				RefreshPlugins (97ms)
				BeforeProcessingInitializeOnLoad (143ms)
				ProcessInitializeOnLoadAttributes (267ms)
				ProcessInitializeOnLoadMethodAttributes (42ms)
				AfterProcessingInitializeOnLoad (6ms)
				EditorAssembliesLoaded (0ms)
			ExecutionOrderSort2 (0ms)
			AwakeInstancesAfterBackupRestoration (6ms)
Platform modules already initialized, skipping
========================================================================
Worker process is ready to serve import requests
Launched and connected shader compiler UnityShaderCompiler.exe after 0.05 seconds
Refreshing native plugins compatible for Editor in 0.54 ms, found 4 plugins.
Preloading 0 native plugins for Editor in 0.00 ms.
Unloading 4043 Unused Serialized files (Serialized files now loaded: 0)
Unloading 44 unused Assets / (229.1 KB). Loaded Objects now: 4495.
Memory consumption went from 152.0 MB to 151.8 MB.
Total: 4.396000 ms (FindLiveObjects: 0.354800 ms CreateObjectMapping: 0.119500 ms MarkObjects: 3.659200 ms  DeleteObjects: 0.260000 ms)

AssetImportParameters requested are different than current active one (requested -> active):
  custom:video-decoder-ogg-theora: a1e56fd34408186e4bbccfd4996cb3dc -> 
  custom:container-muxer-webm: aa71ff27fc2769a1b78a27578f13a17b -> 
  custom:container-demuxer-webm: 4f35f7cbe854078d1ac9338744f61a02 -> 
  custom:video-encoder-webm-vp8: eb34c28f22e8b96e1ab97ce403110664 -> 
  custom:video-codec-MediaFoundation-h265: 746d11721c4dcdbdad8f713fa42b33f4 -> 
  custom:audio-encoder-webm-vorbis: bf7c407c2cedff20999df2af8eb42d56 -> 
  custom:framework-win-MediaFoundation: 216162199b28c13a410421893ffa2e32 -> 
  custom:container-demuxer-ogg: 62fdf1f143b41e24485cea50d1cbac27 -> 
  custom:video-decoder-webm-vp8: 9c59270c3fd7afecdb556c50c9e8de78 -> 
  custom:audio-decoder-ogg-vorbis: bf7c407c2cedff20999df2af8eb42d56 -> 
========================================================================
Received Import Request.
  Time since last request: 1471.040089 seconds.
  path: Assets/SunnyLand Artwork/Environment/middle.png
  artifactKey: Guid(de41d366c687a46beb6a9acaa88c12db) Importer(815301076,1909f56bfc062723c751e8b465ee728b)
Start importing Assets/SunnyLand Artwork/Environment/middle.png using Guid(de41d366c687a46beb6a9acaa88c12db) Importer(815301076,1909f56bfc062723c751e8b465ee728b)  -> (artifact id: '35bfd69cd83791562612aadfcf9aad19') in 0.222788 seconds 
========================================================================
Received Import Request.
  Time since last request: 5.641131 seconds.
  path: Assets/SunnyLand Artwork/Environment/Tileset/tileset-sliced.png
  artifactKey: Guid(261212b977f594d5dbc48631a5c1295c) Importer(815301076,1909f56bfc062723c751e8b465ee728b)
Start importing Assets/SunnyLand Artwork/Environment/Tileset/tileset-sliced.png using Guid(261212b977f594d5dbc48631a5c1295c) Importer(815301076,1909f56bfc062723c751e8b465ee728b)  -> (artifact id: 'c88cbf6fcffc54d50bd5535719dec4f2') in 0.467726 seconds 
========================================================================
Received Import Request.
  Time since last request: 0.000061 seconds.
  path: Assets/SunnyLand Artwork/Environment/Tileset/tileset-sliced_1.asset
  artifactKey: Guid(33ec2b05aed6ce54798a0f17c661f8a8) Importer(815301076,1909f56bfc062723c751e8b465ee728b)
Start importing Assets/SunnyLand Artwork/Environment/Tileset/tileset-sliced_1.asset using Guid(33ec2b05aed6ce54798a0f17c661f8a8) Importer(815301076,1909f56bfc062723c751e8b465ee728b)  -> (artifact id: 'f69f64b769658b7d2187ed0e013e6a0b') in 0.057968 seconds 
========================================================================
Received Import Request.
  Time since last request: 0.000053 seconds.
  path: Assets/SunnyLand Artwork/Environment/Tileset/tileset-sliced_39.asset
  artifactKey: Guid(85df98f43e21653469271533f4038122) Importer(815301076,1909f56bfc062723c751e8b465ee728b)
Start importing Assets/SunnyLand Artwork/Environment/Tileset/tileset-sliced_39.asset using Guid(85df98f43e21653469271533f4038122) Importer(815301076,1909f56bfc062723c751e8b465ee728b)  -> (artifact id: '91651b5b65f0573f89c8a4a1af97a778') in 0.019039 seconds 
========================================================================
Received Import Request.
  Time since last request: 0.000024 seconds.
  path: Assets/SunnyLand Artwork/Environment/Tileset/tileset-sliced_30.asset
  artifactKey: Guid(4c4f101011a3f6f4b91cd4ab5acf104c) Importer(815301076,1909f56bfc062723c751e8b465ee728b)
Start importing Assets/SunnyLand Artwork/Environment/Tileset/tileset-sliced_30.asset using Guid(4c4f101011a3f6f4b91cd4ab5acf104c) Importer(815301076,1909f56bfc062723c751e8b465ee728b)  -> (artifact id: '39c9dd3a6cd7dd714df66e1929909dd2') in 0.021764 seconds 
========================================================================
Received Import Request.
  Time since last request: 0.000038 seconds.
  path: Assets/SunnyLand Artwork/Environment/Tileset/tileset-sliced_24.asset
  artifactKey: Guid(c541c54721a16c2469f4cc6e8d48c303) Importer(815301076,1909f56bfc062723c751e8b465ee728b)
Start importing Assets/SunnyLand Artwork/Environment/Tileset/tileset-sliced_24.asset using Guid(c541c54721a16c2469f4cc6e8d48c303) Importer(815301076,1909f56bfc062723c751e8b465ee728b)  -> (artifact id: '652e4b7c35a00ecec75e949e9a936d47') in 0.025228 seconds 
========================================================================
Received Import Request.
  Time since last request: 0.000026 seconds.
  path: Assets/SunnyLand Artwork/Environment/Tileset/tileset-sliced_11.asset
  artifactKey: Guid(dbd12c47406d66c4d837cd67f6157a9f) Importer(815301076,1909f56bfc062723c751e8b465ee728b)
Start importing Assets/SunnyLand Artwork/Environment/Tileset/tileset-sliced_11.asset using Guid(dbd12c47406d66c4d837cd67f6157a9f) Importer(815301076,1909f56bfc062723c751e8b465ee728b)  -> (artifact id: '60c69e87aa23b3ca3ad59c2b820f8645') in 0.017608 seconds 
========================================================================
Received Import Request.
  Time since last request: 0.000038 seconds.
  path: Assets/SunnyLand Artwork/Environment/Tileset/tileset-sliced_27.asset
  artifactKey: Guid(ff6971726c1dd6f44b2d1531b2fc58e2) Importer(815301076,1909f56bfc062723c751e8b465ee728b)
Start importing Assets/SunnyLand Artwork/Environment/Tileset/tileset-sliced_27.asset using Guid(ff6971726c1dd6f44b2d1531b2fc58e2) Importer(815301076,1909f56bfc062723c751e8b465ee728b)  -> (artifact id: '26f5b57a853dc60bef1fab56ea57f451') in 0.016327 seconds 
========================================================================
Received Import Request.
  Time since last request: 0.000024 seconds.
  path: Assets/SunnyLand Artwork/Environment/Tileset/tileset-sliced_8.asset
  artifactKey: Guid(d8dc96555df42e94dba565eae3e3e30d) Importer(815301076,1909f56bfc062723c751e8b465ee728b)
Start importing Assets/SunnyLand Artwork/Environment/Tileset/tileset-sliced_8.asset using Guid(d8dc96555df42e94dba565eae3e3e30d) Importer(815301076,1909f56bfc062723c751e8b465ee728b)  -> (artifact id: '53b82a55cdbdd76041e85a1120da97e9') in 0.017881 seconds 
========================================================================
Received Import Request.
  Time since last request: 0.000032 seconds.
  path: Assets/SunnyLand Artwork/Environment/Tileset/tileset-sliced_38.asset
  artifactKey: Guid(897eed2c71ed45749b27f38e360b92fc) Importer(815301076,1909f56bfc062723c751e8b465ee728b)
Start importing Assets/SunnyLand Artwork/Environment/Tileset/tileset-sliced_38.asset using Guid(897eed2c71ed45749b27f38e360b92fc) Importer(815301076,1909f56bfc062723c751e8b465ee728b)  -> (artifact id: '0a14aed03a093939ef31c51003b70167') in 0.019381 seconds 
========================================================================
Received Import Request.
  Time since last request: 0.000035 seconds.
  path: Assets/SunnyLand Artwork/Environment/Tileset/tileset-sliced_12.asset
  artifactKey: Guid(441afb49a6a3c8e41820d8d218442054) Importer(815301076,1909f56bfc062723c751e8b465ee728b)
Start importing Assets/SunnyLand Artwork/Environment/Tileset/tileset-sliced_12.asset using Guid(441afb49a6a3c8e41820d8d218442054) Importer(815301076,1909f56bfc062723c751e8b465ee728b)  -> (artifact id: '9c2905a77dd1084789884a87672f76f9') in 0.026334 seconds 
========================================================================
Received Import Request.
  Time since last request: 0.000034 seconds.
  path: Assets/SunnyLand Artwork/Environment/Tileset/tileset-sliced_34.asset
  artifactKey: Guid(ebb04c796935ff349956ff30bf515073) Importer(815301076,1909f56bfc062723c751e8b465ee728b)
Start importing Assets/SunnyLand Artwork/Environment/Tileset/tileset-sliced_34.asset using Guid(ebb04c796935ff349956ff30bf515073) Importer(815301076,1909f56bfc062723c751e8b465ee728b)  -> (artifact id: 'd1a5a4635e471c07ae34cda6baa1ab9f') in 0.023453 seconds 
========================================================================
Received Import Request.
  Time since last request: 0.000059 seconds.
  path: Assets/SunnyLand Artwork/Environment/Tileset/tileset-sliced_37.asset
  artifactKey: Guid(0db47fab51e28614f89faface3c7e766) Importer(815301076,1909f56bfc062723c751e8b465ee728b)
Start importing Assets/SunnyLand Artwork/Environment/Tileset/tileset-sliced_37.asset using Guid(0db47fab51e28614f89faface3c7e766) Importer(815301076,1909f56bfc062723c751e8b465ee728b)  -> (artifact id: '17163eccb040a4495fd6afd58ca9eca2') in 0.029698 seconds 
========================================================================
Received Import Request.
  Time since last request: 0.000054 seconds.
  path: Assets/SunnyLand Artwork/Environment/Tileset/tileset-sliced_4.asset
  artifactKey: Guid(54b92458ba807204c9bec304cecbc5f8) Importer(815301076,1909f56bfc062723c751e8b465ee728b)
Start importing Assets/SunnyLand Artwork/Environment/Tileset/tileset-sliced_4.asset using Guid(54b92458ba807204c9bec304cecbc5f8) Importer(815301076,1909f56bfc062723c751e8b465ee728b)  -> (artifact id: 'c68d2e3e8bb66bc61277999a8830f99a') in 0.019055 seconds 
========================================================================
Received Import Request.
  Time since last request: 0.000083 seconds.
  path: Assets/SunnyLand Artwork/Environment/Tileset/tileset-sliced_44.asset
  artifactKey: Guid(df5b1426695aee246b7d196f56e559a4) Importer(815301076,1909f56bfc062723c751e8b465ee728b)
Start importing Assets/SunnyLand Artwork/Environment/Tileset/tileset-sliced_44.asset using Guid(df5b1426695aee246b7d196f56e559a4) Importer(815301076,1909f56bfc062723c751e8b465ee728b)  -> (artifact id: 'eb64923d8fb64a4063c849cdf1ac7437') in 0.019068 seconds 
========================================================================
Received Import Request.
  Time since last request: 0.000034 seconds.
  path: Assets/SunnyLand Artwork/Environment/Tileset/tileset-sliced_18.asset
  artifactKey: Guid(0162cdbfcae4110498f6e1d3e35b1c55) Importer(815301076,1909f56bfc062723c751e8b465ee728b)
Start importing Assets/SunnyLand Artwork/Environment/Tileset/tileset-sliced_18.asset using Guid(0162cdbfcae4110498f6e1d3e35b1c55) Importer(815301076,1909f56bfc062723c751e8b465ee728b)  -> (artifact id: '6bc3491a7028f4bf485db5363703b3cc') in 0.020398 seconds 
========================================================================
Received Import Request.
  Time since last request: 0.000037 seconds.
  path: Assets/SunnyLand Artwork/Environment/Tileset/tileset-sliced_22.asset
  artifactKey: Guid(8c933fd3ebbc0d84c974cc1d5dcc48d9) Importer(815301076,1909f56bfc062723c751e8b465ee728b)
Start importing Assets/SunnyLand Artwork/Environment/Tileset/tileset-sliced_22.asset using Guid(8c933fd3ebbc0d84c974cc1d5dcc48d9) Importer(815301076,1909f56bfc062723c751e8b465ee728b)  -> (artifact id: '9ebba01f7b8e752cecda95fd44b6cae1') in 0.016723 seconds 
========================================================================
Received Import Request.
  Time since last request: 0.000037 seconds.
  path: Assets/SunnyLand Artwork/Environment/Tileset/tileset-sliced_16.asset
  artifactKey: Guid(5248c970fd9211546bd3464de6f3c51c) Importer(815301076,1909f56bfc062723c751e8b465ee728b)
Start importing Assets/SunnyLand Artwork/Environment/Tileset/tileset-sliced_16.asset using Guid(5248c970fd9211546bd3464de6f3c51c) Importer(815301076,1909f56bfc062723c751e8b465ee728b)  -> (artifact id: 'a2de967e8e6a2a761dd24e42468eeecc') in 0.022776 seconds 
========================================================================
Received Import Request.
  Time since last request: 0.000037 seconds.
  path: Assets/SunnyLand Artwork/Environment/Tileset/tileset-sliced_7.asset
  artifactKey: Guid(b7f23a79dfd6b104593150a2da274ec8) Importer(815301076,1909f56bfc062723c751e8b465ee728b)
Start importing Assets/SunnyLand Artwork/Environment/Tileset/tileset-sliced_7.asset using Guid(b7f23a79dfd6b104593150a2da274ec8) Importer(815301076,1909f56bfc062723c751e8b465ee728b)  -> (artifact id: '9e6dd9d7d8b82cbb1c0d4e4e7e12e450') in 0.018378 seconds 
========================================================================
Received Import Request.
  Time since last request: 0.000028 seconds.
  path: Assets/SunnyLand Artwork/Environment/Tileset/tileset-sliced_23.asset
  artifactKey: Guid(f507f9c2862ce4846baef785fb27a5f1) Importer(815301076,1909f56bfc062723c751e8b465ee728b)
Start importing Assets/SunnyLand Artwork/Environment/Tileset/tileset-sliced_23.asset using Guid(f507f9c2862ce4846baef785fb27a5f1) Importer(815301076,1909f56bfc062723c751e8b465ee728b)  -> (artifact id: '948516999dd5b1e69d6ff25cf325924c') in 0.027618 seconds 
========================================================================
Received Import Request.
  Time since last request: 7.051114 seconds.
  path: Assets/SunnyLand Artwork/Environment/props/block.png
  artifactKey: Guid(8a8849b7b8b964564b9e89cb1ded0658) Importer(815301076,1909f56bfc062723c751e8b465ee728b)
Start importing Assets/SunnyLand Artwork/Environment/props/block.png using Guid(8a8849b7b8b964564b9e89cb1ded0658) Importer(815301076,1909f56bfc062723c751e8b465ee728b)  -> (artifact id: '78f65ab3b05f018164d54a8c38315ac8') in 0.055910 seconds 
========================================================================
Received Import Request.
  Time since last request: 0.000045 seconds.
  path: Assets/SunnyLand Artwork/Environment/props/spike-skull.png
  artifactKey: Guid(a225befe4953547da8c4133e5d585029) Importer(815301076,1909f56bfc062723c751e8b465ee728b)
Start importing Assets/SunnyLand Artwork/Environment/props/spike-skull.png using Guid(a225befe4953547da8c4133e5d585029) Importer(815301076,1909f56bfc062723c751e8b465ee728b)  -> (artifact id: '25e1439ded2311a4290cfb194533d245') in 0.025850 seconds 
========================================================================
Received Import Request.
  Time since last request: 0.000036 seconds.
  path: Assets/SunnyLand Artwork/Environment/props/door.png
  artifactKey: Guid(8a26d60fb45014bcd9bb392106f7c98b) Importer(815301076,1909f56bfc062723c751e8b465ee728b)
Start importing Assets/SunnyLand Artwork/Environment/props/door.png using Guid(8a26d60fb45014bcd9bb392106f7c98b) Importer(815301076,1909f56bfc062723c751e8b465ee728b)  -> (artifact id: 'e10ccee4bde2fc4805e31dbcc4b27a36') in 0.028287 seconds 
========================================================================
Received Import Request.
  Time since last request: 0.000044 seconds.
  path: Assets/SunnyLand Artwork/Environment/props/tree-2.png
  artifactKey: Guid(bce2d1c9ca0475e4cb876c354b7b0121) Importer(815301076,1909f56bfc062723c751e8b465ee728b)
Start importing Assets/SunnyLand Artwork/Environment/props/tree-2.png using Guid(bce2d1c9ca0475e4cb876c354b7b0121) Importer(815301076,1909f56bfc062723c751e8b465ee728b)  -> (artifact id: 'b7eaa78eae75e91239a8c5f556238810') in 0.038223 seconds 
========================================================================
Received Import Request.
  Time since last request: 0.000028 seconds.
  path: Assets/SunnyLand Artwork/Environment/props/rock-1.png
  artifactKey: Guid(4b8df3e837c15134e966ef69ce5e536d) Importer(815301076,1909f56bfc062723c751e8b465ee728b)
Start importing Assets/SunnyLand Artwork/Environment/props/rock-1.png using Guid(4b8df3e837c15134e966ef69ce5e536d) Importer(815301076,1909f56bfc062723c751e8b465ee728b)  -> (artifact id: '677e7561fc481c56a60031a3f15ac42d') in 0.058022 seconds 
========================================================================
Received Import Request.
  Time since last request: 0.000031 seconds.
  path: Assets/SunnyLand Artwork/Environment/props/plant-house.png
  artifactKey: Guid(4aadbdeb8a80c664a8fd117c907b5f3f) Importer(815301076,1909f56bfc062723c751e8b465ee728b)
Start importing Assets/SunnyLand Artwork/Environment/props/plant-house.png using Guid(4aadbdeb8a80c664a8fd117c907b5f3f) Importer(815301076,1909f56bfc062723c751e8b465ee728b)  -> (artifact id: '56bb107387cca4dc648f47d1381a79a7') in 0.035040 seconds 
========================================================================
Received Import Request.
  Time since last request: 0.000026 seconds.
  path: Assets/SunnyLand Artwork/Environment/props/skulls.png
  artifactKey: Guid(a86fabb3151544d25b4310ff397f732a) Importer(815301076,1909f56bfc062723c751e8b465ee728b)
Start importing Assets/SunnyLand Artwork/Environment/props/skulls.png using Guid(a86fabb3151544d25b4310ff397f732a) Importer(815301076,1909f56bfc062723c751e8b465ee728b)  -> (artifact id: '5003106be960d466db687a27c10f06b6') in 0.029133 seconds 
========================================================================
Received Import Request.
  Time since last request: 0.000050 seconds.
  path: Assets/SunnyLand Artwork/Environment/props/crate.png
  artifactKey: Guid(794aa25d484d140d89ea9601c122ece0) Importer(815301076,1909f56bfc062723c751e8b465ee728b)
Start importing Assets/SunnyLand Artwork/Environment/props/crate.png using Guid(794aa25d484d140d89ea9601c122ece0) Importer(815301076,1909f56bfc062723c751e8b465ee728b)  -> (artifact id: '4ec9bfe3e911d7e87ee2070fc9d7d73e') in 0.048570 seconds 
========================================================================
Received Import Request.
  Time since last request: 0.000044 seconds.
  path: Assets/SunnyLand Artwork/Environment/props/bush.png
  artifactKey: Guid(ecc204495234d40f091d828790c56287) Importer(815301076,1909f56bfc062723c751e8b465ee728b)
Start importing Assets/SunnyLand Artwork/Environment/props/bush.png using Guid(ecc204495234d40f091d828790c56287) Importer(815301076,1909f56bfc062723c751e8b465ee728b)  -> (artifact id: '718c8b039a1de38b25ed9f8d35231007') in 0.021382 seconds 
========================================================================
Received Import Request.
  Time since last request: 0.000038 seconds.
  path: Assets/SunnyLand Artwork/Environment/props/straw-house.png
  artifactKey: Guid(5001f9f26a272e74fa435bb63818b664) Importer(815301076,1909f56bfc062723c751e8b465ee728b)
Start importing Assets/SunnyLand Artwork/Environment/props/straw-house.png using Guid(5001f9f26a272e74fa435bb63818b664) Importer(815301076,1909f56bfc062723c751e8b465ee728b)  -> (artifact id: '6beb7d0fa9a77848885a7903131babcf') in 0.020897 seconds 
========================================================================
Received Import Request.
  Time since last request: 0.000026 seconds.
  path: Assets/SunnyLand Artwork/Environment/props/small-platform.png
  artifactKey: Guid(d3ae29bc873704d6197af9ad030f1b1c) Importer(815301076,1909f56bfc062723c751e8b465ee728b)
Start importing Assets/SunnyLand Artwork/Environment/props/small-platform.png using Guid(d3ae29bc873704d6197af9ad030f1b1c) Importer(815301076,1909f56bfc062723c751e8b465ee728b)  -> (artifact id: 'fc8ddf5790ba1ab0b3f6c22dd8860ce5') in 0.016250 seconds 
========================================================================
Received Import Request.
  Time since last request: 95.980854 seconds.
  path: Assets/SunnyLand Artwork/Environment/Tileset/tileset-sliced_48.asset
  artifactKey: Guid(e5392e55430188a48bcd79da1a30765d) Importer(815301076,1909f56bfc062723c751e8b465ee728b)
Start importing Assets/SunnyLand Artwork/Environment/Tileset/tileset-sliced_48.asset using Guid(e5392e55430188a48bcd79da1a30765d) Importer(815301076,1909f56bfc062723c751e8b465ee728b)  -> (artifact id: '7bc0fc86dd5e1269c332b06f46146af5') in 0.019685 seconds 
========================================================================
Received Import Request.
  Time since last request: 0.000039 seconds.
  path: Assets/SunnyLand Artwork/Environment/Tileset/tileset-sliced_49.asset
  artifactKey: Guid(5ea81004fce0b8c43b0827f2a8fe1a17) Importer(815301076,1909f56bfc062723c751e8b465ee728b)
Start importing Assets/SunnyLand Artwork/Environment/Tileset/tileset-sliced_49.asset using Guid(5ea81004fce0b8c43b0827f2a8fe1a17) Importer(815301076,1909f56bfc062723c751e8b465ee728b)  -> (artifact id: '956f421df0ba8ce338bd5d1d040a1ace') in 0.018080 seconds 
========================================================================
Received Import Request.
  Time since last request: 0.000027 seconds.
  path: Assets/SunnyLand Artwork/Environment/Tileset/tileset-sliced_62.asset
  artifactKey: Guid(8eeb48ed30f7a1542b6cfeb217ae36f2) Importer(815301076,1909f56bfc062723c751e8b465ee728b)
Start importing Assets/SunnyLand Artwork/Environment/Tileset/tileset-sliced_62.asset using Guid(8eeb48ed30f7a1542b6cfeb217ae36f2) Importer(815301076,1909f56bfc062723c751e8b465ee728b)  -> (artifact id: '99388002773897cef0974bbdc3fb9e20') in 0.022233 seconds 
========================================================================
Received Import Request.
  Time since last request: 0.000033 seconds.
  path: Assets/SunnyLand Artwork/Environment/Tileset/tileset-sliced_74.asset
  artifactKey: Guid(c6552e41282d9554087c672319895a4e) Importer(815301076,1909f56bfc062723c751e8b465ee728b)
Start importing Assets/SunnyLand Artwork/Environment/Tileset/tileset-sliced_74.asset using Guid(c6552e41282d9554087c672319895a4e) Importer(815301076,1909f56bfc062723c751e8b465ee728b)  -> (artifact id: '457321cf1caa5654a32e90350f39830f') in 0.020233 seconds 
========================================================================
Received Import Request.
  Time since last request: 0.000027 seconds.
  path: Assets/SunnyLand Artwork/Environment/Tileset/tileset-sliced_65.asset
  artifactKey: Guid(fe8c6c3d73d8be340a49bfa1339236a4) Importer(815301076,1909f56bfc062723c751e8b465ee728b)
Start importing Assets/SunnyLand Artwork/Environment/Tileset/tileset-sliced_65.asset using Guid(fe8c6c3d73d8be340a49bfa1339236a4) Importer(815301076,1909f56bfc062723c751e8b465ee728b)  -> (artifact id: '2c780c2c3ed74d8a151f605b53068789') in 0.025716 seconds 
========================================================================
Received Import Request.
  Time since last request: 0.000030 seconds.
  path: Assets/SunnyLand Artwork/Environment/Tileset/tileset-sliced_69.asset
  artifactKey: Guid(e185933dd07e3b04c9f1b9bccde48919) Importer(815301076,1909f56bfc062723c751e8b465ee728b)
Start importing Assets/SunnyLand Artwork/Environment/Tileset/tileset-sliced_69.asset using Guid(e185933dd07e3b04c9f1b9bccde48919) Importer(815301076,1909f56bfc062723c751e8b465ee728b)  -> (artifact id: '71181e0e2f2c2ae1c92d12d3e223126e') in 0.021125 seconds 
========================================================================
Received Import Request.
  Time since last request: 0.000029 seconds.
  path: Assets/SunnyLand Artwork/Environment/Tileset/tileset-sliced_68.asset
  artifactKey: Guid(627d8301bf5f71246898586a86120f54) Importer(815301076,1909f56bfc062723c751e8b465ee728b)
Start importing Assets/SunnyLand Artwork/Environment/Tileset/tileset-sliced_68.asset using Guid(627d8301bf5f71246898586a86120f54) Importer(815301076,1909f56bfc062723c751e8b465ee728b)  -> (artifact id: 'd023cb786a4d3492925a42a8709a6df0') in 0.018719 seconds 
========================================================================
Received Import Request.
  Time since last request: 0.000041 seconds.
  path: Assets/SunnyLand Artwork/Environment/Tileset/tileset-sliced_54.asset
  artifactKey: Guid(c2ee9b794942d86438549fd521ed5c44) Importer(815301076,1909f56bfc062723c751e8b465ee728b)
Start importing Assets/SunnyLand Artwork/Environment/Tileset/tileset-sliced_54.asset using Guid(c2ee9b794942d86438549fd521ed5c44) Importer(815301076,1909f56bfc062723c751e8b465ee728b)  -> (artifact id: '37b0dc3b49cce3cdf5ac33bfcf4cb320') in 0.018103 seconds 
========================================================================
Received Import Request.
  Time since last request: 0.000074 seconds.
  path: Assets/SunnyLand Artwork/Environment/Tileset/tileset-sliced_71.asset
  artifactKey: Guid(c2b6e1875fa9c10419f6f334f9b8183c) Importer(815301076,1909f56bfc062723c751e8b465ee728b)
Start importing Assets/SunnyLand Artwork/Environment/Tileset/tileset-sliced_71.asset using Guid(c2b6e1875fa9c10419f6f334f9b8183c) Importer(815301076,1909f56bfc062723c751e8b465ee728b)  -> (artifact id: '3af8374468f52c07c1414d51317272ee') in 0.022179 seconds 
========================================================================
Received Import Request.
  Time since last request: 0.000028 seconds.
  path: Assets/SunnyLand Artwork/Environment/Tileset/tileset-sliced_73.asset
  artifactKey: Guid(2a6be504e1cf8ef4c814fac1c3528612) Importer(815301076,1909f56bfc062723c751e8b465ee728b)
Start importing Assets/SunnyLand Artwork/Environment/Tileset/tileset-sliced_73.asset using Guid(2a6be504e1cf8ef4c814fac1c3528612) Importer(815301076,1909f56bfc062723c751e8b465ee728b)  -> (artifact id: 'c1107f6c20e3feccfb0f8db912eea915') in 0.025860 seconds 
========================================================================
Received Import Request.
  Time since last request: 0.000028 seconds.
  path: Assets/SunnyLand Artwork/Environment/Tileset/tileset-sliced_56.asset
  artifactKey: Guid(94aa16297ba86b84d90dd5ebd3ce384f) Importer(815301076,1909f56bfc062723c751e8b465ee728b)
Start importing Assets/SunnyLand Artwork/Environment/Tileset/tileset-sliced_56.asset using Guid(94aa16297ba86b84d90dd5ebd3ce384f) Importer(815301076,1909f56bfc062723c751e8b465ee728b)  -> (artifact id: 'dcccfcbaa07d06f0a55a1680f4270d8c') in 0.019896 seconds 
========================================================================
Received Import Request.
  Time since last request: 0.000041 seconds.
  path: Assets/SunnyLand Artwork/Environment/Tileset/tileset-sliced_50.asset
  artifactKey: Guid(5e5eaf71b365a1f4bb567388ab72640a) Importer(815301076,1909f56bfc062723c751e8b465ee728b)
Start importing Assets/SunnyLand Artwork/Environment/Tileset/tileset-sliced_50.asset using Guid(5e5eaf71b365a1f4bb567388ab72640a) Importer(815301076,1909f56bfc062723c751e8b465ee728b)  -> (artifact id: 'b119e8e674e056f7ff814a0315bbc5fc') in 0.018465 seconds 
========================================================================
Received Import Request.
  Time since last request: 0.000033 seconds.
  path: Assets/SunnyLand Artwork/Environment/Tileset/tileset-sliced_55.asset
  artifactKey: Guid(7ae52af6c6ab1f340aa1a4291347c476) Importer(815301076,1909f56bfc062723c751e8b465ee728b)
Start importing Assets/SunnyLand Artwork/Environment/Tileset/tileset-sliced_55.asset using Guid(7ae52af6c6ab1f340aa1a4291347c476) Importer(815301076,1909f56bfc062723c751e8b465ee728b)  -> (artifact id: '56eee26b4b25f29a047b746dfd53f2b6') in 0.022965 seconds 
========================================================================
Received Import Request.
  Time since last request: 0.000031 seconds.
  path: Assets/SunnyLand Artwork/Environment/Tileset/tileset-sliced_60.asset
  artifactKey: Guid(5c8b9551abdb8ca489078ff9de589364) Importer(815301076,1909f56bfc062723c751e8b465ee728b)
Start importing Assets/SunnyLand Artwork/Environment/Tileset/tileset-sliced_60.asset using Guid(5c8b9551abdb8ca489078ff9de589364) Importer(815301076,1909f56bfc062723c751e8b465ee728b)  -> (artifact id: 'e4c7d4f81769f4c4b1238f8f761662cd') in 0.019367 seconds 
========================================================================
Received Import Request.
  Time since last request: 0.000029 seconds.
  path: Assets/SunnyLand Artwork/Environment/Tileset/tileset-sliced_61.asset
  artifactKey: Guid(38276c4cd23f6bb45a4df847849ceaa2) Importer(815301076,1909f56bfc062723c751e8b465ee728b)
Start importing Assets/SunnyLand Artwork/Environment/Tileset/tileset-sliced_61.asset using Guid(38276c4cd23f6bb45a4df847849ceaa2) Importer(815301076,1909f56bfc062723c751e8b465ee728b)  -> (artifact id: 'c6101bcb1429afa64b1c43caee1c6989') in 0.022006 seconds 
========================================================================
Received Import Request.
  Time since last request: 0.000037 seconds.
  path: Assets/SunnyLand Artwork/Environment/Tileset/tileset-sliced_81.asset
  artifactKey: Guid(dfa50464614d53b49aabdee1f66b799f) Importer(815301076,1909f56bfc062723c751e8b465ee728b)
Start importing Assets/SunnyLand Artwork/Environment/Tileset/tileset-sliced_81.asset using Guid(dfa50464614d53b49aabdee1f66b799f) Importer(815301076,1909f56bfc062723c751e8b465ee728b)  -> (artifact id: '4e175457def48914350cab63a1a6c434') in 0.021941 seconds 
========================================================================
Received Import Request.
  Time since last request: 0.000036 seconds.
  path: Assets/SunnyLand Artwork/Environment/Tileset/tileset-sliced_97.asset
  artifactKey: Guid(fab93e327bbd33a4fbf9b3fea2eb6063) Importer(815301076,1909f56bfc062723c751e8b465ee728b)
Start importing Assets/SunnyLand Artwork/Environment/Tileset/tileset-sliced_97.asset using Guid(fab93e327bbd33a4fbf9b3fea2eb6063) Importer(815301076,1909f56bfc062723c751e8b465ee728b)  -> (artifact id: '61c99cb563c1d4caf91e578821f914df') in 0.021060 seconds 
========================================================================
Received Import Request.
  Time since last request: 0.000052 seconds.
  path: Assets/SunnyLand Artwork/Environment/Tileset/tileset-sliced_96.asset
  artifactKey: Guid(2da0581e3a69dee46bd67ef0558303bd) Importer(815301076,1909f56bfc062723c751e8b465ee728b)
Start importing Assets/SunnyLand Artwork/Environment/Tileset/tileset-sliced_96.asset using Guid(2da0581e3a69dee46bd67ef0558303bd) Importer(815301076,1909f56bfc062723c751e8b465ee728b)  -> (artifact id: 'a8a156510aa7beae758205d6c826ee6e') in 0.023384 seconds 
========================================================================
Received Import Request.
  Time since last request: 0.000036 seconds.
  path: Assets/SunnyLand Artwork/Environment/Tileset/tileset-sliced_117.asset
  artifactKey: Guid(b19f1edd95b052d47943ba291d5dec4f) Importer(815301076,1909f56bfc062723c751e8b465ee728b)
Start importing Assets/SunnyLand Artwork/Environment/Tileset/tileset-sliced_117.asset using Guid(b19f1edd95b052d47943ba291d5dec4f) Importer(815301076,1909f56bfc062723c751e8b465ee728b)  -> (artifact id: '6034fc240c972c54be96727ad6f9c4f5') in 0.021095 seconds 
========================================================================
Received Import Request.
  Time since last request: 0.000032 seconds.
  path: Assets/SunnyLand Artwork/Environment/Tileset/tileset-sliced_118.asset
  artifactKey: Guid(961a3dc3220ba2144b5f2972da84bd8c) Importer(815301076,1909f56bfc062723c751e8b465ee728b)
Start importing Assets/SunnyLand Artwork/Environment/Tileset/tileset-sliced_118.asset using Guid(961a3dc3220ba2144b5f2972da84bd8c) Importer(815301076,1909f56bfc062723c751e8b465ee728b)  -> (artifact id: 'f80db629bd3d7dd2840ebf43f3fc84ed') in 0.022306 seconds 
========================================================================
Received Import Request.
  Time since last request: 0.000044 seconds.
  path: Assets/SunnyLand Artwork/Environment/Tileset/tileset-sliced_102.asset
  artifactKey: Guid(24daafe29b6f3634fab0ccce66a01e75) Importer(815301076,1909f56bfc062723c751e8b465ee728b)
Start importing Assets/SunnyLand Artwork/Environment/Tileset/tileset-sliced_102.asset using Guid(24daafe29b6f3634fab0ccce66a01e75) Importer(815301076,1909f56bfc062723c751e8b465ee728b)  -> (artifact id: '1bf2f603c6909e910c0d9955a5536531') in 0.020192 seconds 
========================================================================
Received Import Request.
  Time since last request: 0.000098 seconds.
  path: Assets/SunnyLand Artwork/Environment/Tileset/tileset-sliced_91.asset
  artifactKey: Guid(74561ab308b36374b945e095b269e0e8) Importer(815301076,1909f56bfc062723c751e8b465ee728b)
Start importing Assets/SunnyLand Artwork/Environment/Tileset/tileset-sliced_91.asset using Guid(74561ab308b36374b945e095b269e0e8) Importer(815301076,1909f56bfc062723c751e8b465ee728b)  -> (artifact id: 'd9dabe446b0b7b5441fa10476c12872b') in 0.019739 seconds 
========================================================================
Received Import Request.
  Time since last request: 0.000032 seconds.
  path: Assets/SunnyLand Artwork/Environment/Tileset/tileset-sliced_92.asset
  artifactKey: Guid(d5c3eb2696d74f344bc815a43c1b6ba1) Importer(815301076,1909f56bfc062723c751e8b465ee728b)
Start importing Assets/SunnyLand Artwork/Environment/Tileset/tileset-sliced_92.asset using Guid(d5c3eb2696d74f344bc815a43c1b6ba1) Importer(815301076,1909f56bfc062723c751e8b465ee728b)  -> (artifact id: 'a17d3acd008223024f8c921499479737') in 0.022659 seconds 
========================================================================
Received Import Request.
  Time since last request: 0.000037 seconds.
  path: Assets/SunnyLand Artwork/Environment/Tileset/tileset-sliced_87.asset
  artifactKey: Guid(4859dbb994e2e7a48a617ec057901e6d) Importer(815301076,1909f56bfc062723c751e8b465ee728b)
Start importing Assets/SunnyLand Artwork/Environment/Tileset/tileset-sliced_87.asset using Guid(4859dbb994e2e7a48a617ec057901e6d) Importer(815301076,1909f56bfc062723c751e8b465ee728b)  -> (artifact id: '053c97e73562c6f0c6b5d8d6978f21a6') in 0.024930 seconds 
========================================================================
Received Import Request.
  Time since last request: 0.000043 seconds.
  path: Assets/SunnyLand Artwork/Environment/Tileset/tileset-sliced_82.asset
  artifactKey: Guid(d0156377d09f6c34a85bd8fb0c0c14c1) Importer(815301076,1909f56bfc062723c751e8b465ee728b)
Start importing Assets/SunnyLand Artwork/Environment/Tileset/tileset-sliced_82.asset using Guid(d0156377d09f6c34a85bd8fb0c0c14c1) Importer(815301076,1909f56bfc062723c751e8b465ee728b)  -> (artifact id: 'c845e360015bc2b41bedaa09a4d1f877') in 0.018575 seconds 
========================================================================
Received Import Request.
  Time since last request: 0.000034 seconds.
  path: Assets/SunnyLand Artwork/Environment/Tileset/tileset-sliced_77.asset
  artifactKey: Guid(b987ae056d4ab844ab726fc8a95bac96) Importer(815301076,1909f56bfc062723c751e8b465ee728b)
Start importing Assets/SunnyLand Artwork/Environment/Tileset/tileset-sliced_77.asset using Guid(b987ae056d4ab844ab726fc8a95bac96) Importer(815301076,1909f56bfc062723c751e8b465ee728b)  -> (artifact id: '5bb861f4794c2a1d35b76836bc6f80a6') in 0.021557 seconds 
========================================================================
Received Import Request.
  Time since last request: 0.000077 seconds.
  path: Assets/SunnyLand Artwork/Environment/Tileset/tileset-sliced_84.asset
  artifactKey: Guid(d9c9fcf3b53de8e4f993609cdac7c322) Importer(815301076,1909f56bfc062723c751e8b465ee728b)
Start importing Assets/SunnyLand Artwork/Environment/Tileset/tileset-sliced_84.asset using Guid(d9c9fcf3b53de8e4f993609cdac7c322) Importer(815301076,1909f56bfc062723c751e8b465ee728b)  -> (artifact id: 'd7f8d9598440a16aa582a379b779b12f') in 0.020476 seconds 
========================================================================
Received Import Request.
  Time since last request: 0.000030 seconds.
  path: Assets/SunnyLand Artwork/Environment/Tileset/tileset-sliced_98.asset
  artifactKey: Guid(4857ecee0f7f0ad4eac1bc3b74e07a97) Importer(815301076,1909f56bfc062723c751e8b465ee728b)
Start importing Assets/SunnyLand Artwork/Environment/Tileset/tileset-sliced_98.asset using Guid(4857ecee0f7f0ad4eac1bc3b74e07a97) Importer(815301076,1909f56bfc062723c751e8b465ee728b)  -> (artifact id: 'a58f8b81560cae03ae511a98a6944ec1') in 0.020705 seconds 
========================================================================
Received Import Request.
  Time since last request: 0.000052 seconds.
  path: Assets/SunnyLand Artwork/Environment/Tileset/tileset-sliced_100.asset
  artifactKey: Guid(872081b14e7089c4c8aa4ca2ff04d870) Importer(815301076,1909f56bfc062723c751e8b465ee728b)
Start importing Assets/SunnyLand Artwork/Environment/Tileset/tileset-sliced_100.asset using Guid(872081b14e7089c4c8aa4ca2ff04d870) Importer(815301076,1909f56bfc062723c751e8b465ee728b)  -> (artifact id: '93128ae4f0b272d45a36e0ec7d140af7') in 0.022538 seconds 
========================================================================
Received Import Request.
  Time since last request: 0.000048 seconds.
  path: Assets/SunnyLand Artwork/Environment/Tileset/tileset-sliced_109.asset
  artifactKey: Guid(88ebfe9a21771ba4abbdad7e0e8cde1f) Importer(815301076,1909f56bfc062723c751e8b465ee728b)
Start importing Assets/SunnyLand Artwork/Environment/Tileset/tileset-sliced_109.asset using Guid(88ebfe9a21771ba4abbdad7e0e8cde1f) Importer(815301076,1909f56bfc062723c751e8b465ee728b)  -> (artifact id: '055d2eb98820669f8cb1d4758ba7f053') in 0.017585 seconds 
========================================================================
Received Import Request.
  Time since last request: 0.000052 seconds.
  path: Assets/SunnyLand Artwork/Environment/Tileset/tileset-sliced_110.asset
  artifactKey: Guid(356e51e55dc771d43a2af1141ac0c6ae) Importer(815301076,1909f56bfc062723c751e8b465ee728b)
Start importing Assets/SunnyLand Artwork/Environment/Tileset/tileset-sliced_110.asset using Guid(356e51e55dc771d43a2af1141ac0c6ae) Importer(815301076,1909f56bfc062723c751e8b465ee728b)  -> (artifact id: '2b411fd2c9e292c052b7bc5482dcb531') in 0.017704 seconds 
========================================================================
Received Import Request.
  Time since last request: 0.000032 seconds.
  path: Assets/SunnyLand Artwork/Environment/Tileset/tileset-sliced_119.asset
  artifactKey: Guid(1735121839f70a64e87f9b212a625f67) Importer(815301076,1909f56bfc062723c751e8b465ee728b)
Start importing Assets/SunnyLand Artwork/Environment/Tileset/tileset-sliced_119.asset using Guid(1735121839f70a64e87f9b212a625f67) Importer(815301076,1909f56bfc062723c751e8b465ee728b)  -> (artifact id: '724dac51b443cecb2704af96de7d849b') in 0.022935 seconds 
========================================================================
Received Import Request.
  Time since last request: 0.000067 seconds.
  path: Assets/SunnyLand Artwork/Environment/Tileset/tileset-sliced_79.asset
  artifactKey: Guid(f842f5272625778499f47758a1ba3122) Importer(815301076,1909f56bfc062723c751e8b465ee728b)
Start importing Assets/SunnyLand Artwork/Environment/Tileset/tileset-sliced_79.asset using Guid(f842f5272625778499f47758a1ba3122) Importer(815301076,1909f56bfc062723c751e8b465ee728b)  -> (artifact id: '0e657cf8a34b8333bff94a5b26f11e38') in 0.019252 seconds 
========================================================================
Received Import Request.
  Time since last request: 0.000035 seconds.
  path: Assets/SunnyLand Artwork/Environment/Tileset/tileset-sliced_107.asset
  artifactKey: Guid(5a80fe4c8be81024e8b13735ff923ee7) Importer(815301076,1909f56bfc062723c751e8b465ee728b)
Start importing Assets/SunnyLand Artwork/Environment/Tileset/tileset-sliced_107.asset using Guid(5a80fe4c8be81024e8b13735ff923ee7) Importer(815301076,1909f56bfc062723c751e8b465ee728b)  -> (artifact id: '7080ae96d4c69a0514ed269bc4699c4e') in 0.020574 seconds 
========================================================================
Received Import Request.
  Time since last request: 0.000071 seconds.
  path: Assets/SunnyLand Artwork/Environment/Tileset/tileset-sliced_106.asset
  artifactKey: Guid(59b06d2d0eac74e44a1e31ae4c52d5f2) Importer(815301076,1909f56bfc062723c751e8b465ee728b)
Start importing Assets/SunnyLand Artwork/Environment/Tileset/tileset-sliced_106.asset using Guid(59b06d2d0eac74e44a1e31ae4c52d5f2) Importer(815301076,1909f56bfc062723c751e8b465ee728b)  -> (artifact id: 'ebf7307b28f15404b82be351475bbff2') in 0.018950 seconds 
========================================================================
Received Import Request.
  Time since last request: 0.000044 seconds.
  path: Assets/SunnyLand Artwork/Environment/Tileset/tileset-sliced_94.asset
  artifactKey: Guid(ccae5e21ee7ee474d9191b4fc01077a5) Importer(815301076,1909f56bfc062723c751e8b465ee728b)
Start importing Assets/SunnyLand Artwork/Environment/Tileset/tileset-sliced_94.asset using Guid(ccae5e21ee7ee474d9191b4fc01077a5) Importer(815301076,1909f56bfc062723c751e8b465ee728b)  -> (artifact id: '2867ece201c70a2031d81a8bef6d9e8c') in 0.021799 seconds 
========================================================================
Received Import Request.
  Time since last request: 0.000037 seconds.
  path: Assets/SunnyLand Artwork/Environment/Tileset/tileset-sliced_114.asset
  artifactKey: Guid(6618f48f6179dd44fa6025c6a5c33e18) Importer(815301076,1909f56bfc062723c751e8b465ee728b)
Start importing Assets/SunnyLand Artwork/Environment/Tileset/tileset-sliced_114.asset using Guid(6618f48f6179dd44fa6025c6a5c33e18) Importer(815301076,1909f56bfc062723c751e8b465ee728b)  -> (artifact id: '37edb9b7033c2c5c89e48b2fe94f2b15') in 0.019103 seconds 
========================================================================
Received Import Request.
  Time since last request: 0.050136 seconds.
  path: Assets/SunnyLand Artwork/Environment/Tileset/tileset-sliced_121.asset
  artifactKey: Guid(589ddd6a4136a7342b3950abecb89e2c) Importer(815301076,1909f56bfc062723c751e8b465ee728b)
Start importing Assets/SunnyLand Artwork/Environment/Tileset/tileset-sliced_121.asset using Guid(589ddd6a4136a7342b3950abecb89e2c) Importer(815301076,1909f56bfc062723c751e8b465ee728b)  -> (artifact id: '6601f4e8aafa0bbbe80178095b37089e') in 0.023524 seconds 
========================================================================
Received Import Request.
  Time since last request: 0.000029 seconds.
  path: Assets/SunnyLand Artwork/Environment/Tileset/tileset-sliced_122.asset
  artifactKey: Guid(d196c04e921d9b74091edb8436f7e9ec) Importer(815301076,1909f56bfc062723c751e8b465ee728b)
Start importing Assets/SunnyLand Artwork/Environment/Tileset/tileset-sliced_122.asset using Guid(d196c04e921d9b74091edb8436f7e9ec) Importer(815301076,1909f56bfc062723c751e8b465ee728b)  -> (artifact id: 'afa213d76b42beab8e8688b274b122b8') in 0.017739 seconds 
========================================================================
Received Import Request.
  Time since last request: 0.000053 seconds.
  path: Assets/SunnyLand Artwork/Environment/Tileset/tileset-sliced_123.asset
  artifactKey: Guid(e77276b823626c14383483ee1d7c42f9) Importer(815301076,1909f56bfc062723c751e8b465ee728b)
Start importing Assets/SunnyLand Artwork/Environment/Tileset/tileset-sliced_123.asset using Guid(e77276b823626c14383483ee1d7c42f9) Importer(815301076,1909f56bfc062723c751e8b465ee728b)  -> (artifact id: '40f544cc5e94d9f223b84d70ea320b1d') in 0.021329 seconds 
========================================================================
Received Import Request.
  Time since last request: 0.000043 seconds.
  path: Assets/SunnyLand Artwork/Environment/Tileset/tileset_22.asset
  artifactKey: Guid(06550fa9002237d4fb02c42e0120fdd4) Importer(815301076,1909f56bfc062723c751e8b465ee728b)
Start importing Assets/SunnyLand Artwork/Environment/Tileset/tileset_22.asset using Guid(06550fa9002237d4fb02c42e0120fdd4) Importer(815301076,1909f56bfc062723c751e8b465ee728b)  -> (artifact id: 'c5065a25f31939bb68307bb1698a7375') in 0.014616 seconds 
========================================================================
Received Import Request.
  Time since last request: 0.000035 seconds.
  path: Assets/SunnyLand Artwork/Environment/Tileset/tileset_28.asset
  artifactKey: Guid(94f173b3344445b4f98e2133d388db4f) Importer(815301076,1909f56bfc062723c751e8b465ee728b)
Start importing Assets/SunnyLand Artwork/Environment/Tileset/tileset_28.asset using Guid(94f173b3344445b4f98e2133d388db4f) Importer(815301076,1909f56bfc062723c751e8b465ee728b)  -> (artifact id: '69e82968baa8d733091bf2aa467564b9') in 0.014293 seconds 
========================================================================
Received Import Request.
  Time since last request: 0.000047 seconds.
  path: Assets/SunnyLand Artwork/Environment/Tileset/tileset_3.asset
  artifactKey: Guid(0d72a7d21a399ee4f84b694bfa627ee9) Importer(815301076,1909f56bfc062723c751e8b465ee728b)
Start importing Assets/SunnyLand Artwork/Environment/Tileset/tileset_3.asset using Guid(0d72a7d21a399ee4f84b694bfa627ee9) Importer(815301076,1909f56bfc062723c751e8b465ee728b)  -> (artifact id: '689edf92c9b0b9a87684fd5930f9bfa5') in 0.014112 seconds 
========================================================================
Received Import Request.
  Time since last request: 0.000047 seconds.
  path: Assets/SunnyLand Artwork/Environment/Tileset/tileset_18.asset
  artifactKey: Guid(0fb07c1a4e1326345bc621bb00160fec) Importer(815301076,1909f56bfc062723c751e8b465ee728b)
Start importing Assets/SunnyLand Artwork/Environment/Tileset/tileset_18.asset using Guid(0fb07c1a4e1326345bc621bb00160fec) Importer(815301076,1909f56bfc062723c751e8b465ee728b)  -> (artifact id: 'c3aef8c4e1f2726a9d914ed51e11c26b') in 0.015126 seconds 
========================================================================
Received Import Request.
  Time since last request: 0.000032 seconds.
  path: Assets/SunnyLand Artwork/Environment/Tileset/tileset_21.asset
  artifactKey: Guid(fa20d57f048cfc84b96cab450a27d430) Importer(815301076,1909f56bfc062723c751e8b465ee728b)
Start importing Assets/SunnyLand Artwork/Environment/Tileset/tileset_21.asset using Guid(fa20d57f048cfc84b96cab450a27d430) Importer(815301076,1909f56bfc062723c751e8b465ee728b)  -> (artifact id: 'aa15ef39c9622411a371241acb63e5c6') in 0.014790 seconds 
========================================================================
Received Import Request.
  Time since last request: 0.000036 seconds.
  path: Assets/SunnyLand Artwork/Environment/Tileset/tileset-sliced_126.asset
  artifactKey: Guid(92eef5bde894aee4ca83a8d5b8bec657) Importer(815301076,1909f56bfc062723c751e8b465ee728b)
Start importing Assets/SunnyLand Artwork/Environment/Tileset/tileset-sliced_126.asset using Guid(92eef5bde894aee4ca83a8d5b8bec657) Importer(815301076,1909f56bfc062723c751e8b465ee728b)  -> (artifact id: '28be8d27402700aa26ae961291a598f3') in 0.019899 seconds 
========================================================================
Received Import Request.
  Time since last request: 0.000033 seconds.
  path: Assets/SunnyLand Artwork/Environment/Tileset/tileset_23.asset
  artifactKey: Guid(bbc2cdf74af0dc34e9754ee84158bdfd) Importer(815301076,1909f56bfc062723c751e8b465ee728b)
Start importing Assets/SunnyLand Artwork/Environment/Tileset/tileset_23.asset using Guid(bbc2cdf74af0dc34e9754ee84158bdfd) Importer(815301076,1909f56bfc062723c751e8b465ee728b)  -> (artifact id: '00ce1cf6094ba4923e8bd728f9c0737d') in 0.015432 seconds 
========================================================================
Received Import Request.
  Time since last request: 0.000034 seconds.
  path: Assets/SunnyLand Artwork/Environment/Tileset/tileset_30.asset
  artifactKey: Guid(3571755bba4191b4ba926cbb3cdc6c72) Importer(815301076,1909f56bfc062723c751e8b465ee728b)
Start importing Assets/SunnyLand Artwork/Environment/Tileset/tileset_30.asset using Guid(3571755bba4191b4ba926cbb3cdc6c72) Importer(815301076,1909f56bfc062723c751e8b465ee728b)  -> (artifact id: '3e22ad7f8fd56e1b419a98cf70e5d4bb') in 0.014680 seconds 
========================================================================
Received Import Request.
  Time since last request: 0.000032 seconds.
  path: Assets/SunnyLand Artwork/Environment/Tileset/tileset_20.asset
  artifactKey: Guid(e115da6356b0b4446b1385aae561a489) Importer(815301076,1909f56bfc062723c751e8b465ee728b)
Start importing Assets/SunnyLand Artwork/Environment/Tileset/tileset_20.asset using Guid(e115da6356b0b4446b1385aae561a489) Importer(815301076,1909f56bfc062723c751e8b465ee728b)  -> (artifact id: 'ff6f04cdc43c059203c84293bd51c0af') in 0.013005 seconds 
========================================================================
Received Import Request.
  Time since last request: 0.000036 seconds.
  path: Assets/SunnyLand Artwork/Environment/Tileset/tileset_31.asset
  artifactKey: Guid(a05ccd1c16870ff48949e5c11f051320) Importer(815301076,1909f56bfc062723c751e8b465ee728b)
Start importing Assets/SunnyLand Artwork/Environment/Tileset/tileset_31.asset using Guid(a05ccd1c16870ff48949e5c11f051320) Importer(815301076,1909f56bfc062723c751e8b465ee728b)  -> (artifact id: 'bcb2a63091eb1cbfee0eea0a36bdb687') in 0.012750 seconds 
========================================================================
Received Import Request.
  Time since last request: 0.000030 seconds.
  path: Assets/SunnyLand Artwork/Environment/Tileset/tileset_2.asset
  artifactKey: Guid(1e3aeea787bba7b4dab789d7b67cb522) Importer(815301076,1909f56bfc062723c751e8b465ee728b)
Start importing Assets/SunnyLand Artwork/Environment/Tileset/tileset_2.asset using Guid(1e3aeea787bba7b4dab789d7b67cb522) Importer(815301076,1909f56bfc062723c751e8b465ee728b)  -> (artifact id: 'e22a7b5afed616ddd2f98832e76973c2') in 0.012017 seconds 
========================================================================
Received Import Request.
  Time since last request: 0.000057 seconds.
  path: Assets/SunnyLand Artwork/Environment/Tileset/tileset-sliced_125.asset
  artifactKey: Guid(bd3763d1031ef3e459b11d693e13aeaa) Importer(815301076,1909f56bfc062723c751e8b465ee728b)
Start importing Assets/SunnyLand Artwork/Environment/Tileset/tileset-sliced_125.asset using Guid(bd3763d1031ef3e459b11d693e13aeaa) Importer(815301076,1909f56bfc062723c751e8b465ee728b)  -> (artifact id: 'f2f20d4bf34c5d0eb5d6e519806a9f90') in 0.016283 seconds 
========================================================================
Received Import Request.
  Time since last request: 0.000030 seconds.
  path: Assets/SunnyLand Artwork/Environment/Tileset/tileset_11.asset
  artifactKey: Guid(5814fc6980afaa24894c450aeb7573f1) Importer(815301076,1909f56bfc062723c751e8b465ee728b)
Start importing Assets/SunnyLand Artwork/Environment/Tileset/tileset_11.asset using Guid(5814fc6980afaa24894c450aeb7573f1) Importer(815301076,1909f56bfc062723c751e8b465ee728b)  -> (artifact id: '66642f72c20cbfac0787d70edec0b7da') in 0.013550 seconds 
========================================================================
Received Import Request.
  Time since last request: 0.000088 seconds.
  path: Assets/SunnyLand Artwork/Environment/Tileset/tileset_40.asset
  artifactKey: Guid(ba033f5fb6dbff241a3b9eb280514941) Importer(815301076,1909f56bfc062723c751e8b465ee728b)
Start importing Assets/SunnyLand Artwork/Environment/Tileset/tileset_40.asset using Guid(ba033f5fb6dbff241a3b9eb280514941) Importer(815301076,1909f56bfc062723c751e8b465ee728b)  -> (artifact id: 'b486ec2b625d013ff2e980de828b329c') in 0.013843 seconds 
========================================================================
Received Import Request.
  Time since last request: 0.000029 seconds.
  path: Assets/SunnyLand Artwork/Environment/Tileset/tileset_46.asset
  artifactKey: Guid(94bd5b363442390419fc3344d54f7217) Importer(815301076,1909f56bfc062723c751e8b465ee728b)
Start importing Assets/SunnyLand Artwork/Environment/Tileset/tileset_46.asset using Guid(94bd5b363442390419fc3344d54f7217) Importer(815301076,1909f56bfc062723c751e8b465ee728b)  -> (artifact id: '91fd5c84523e1058e3369e307d2e1df8') in 0.016354 seconds 
========================================================================
Received Import Request.
  Time since last request: 0.000034 seconds.
  path: Assets/SunnyLand Artwork/Environment/Tileset/tileset_49.asset
  artifactKey: Guid(b9d3a705739a8be42ba821de01fe450a) Importer(815301076,1909f56bfc062723c751e8b465ee728b)
Start importing Assets/SunnyLand Artwork/Environment/Tileset/tileset_49.asset using Guid(b9d3a705739a8be42ba821de01fe450a) Importer(815301076,1909f56bfc062723c751e8b465ee728b)  -> (artifact id: '0cb01656acfb612592252ae07b46bcf4') in 0.015234 seconds 
========================================================================
Received Import Request.
  Time since last request: 0.000039 seconds.
  path: Assets/SunnyLand Artwork/Environment/Tileset/tileset_60.asset
  artifactKey: Guid(cda0ed9d7b24c7948aecd1faf85b78fc) Importer(815301076,1909f56bfc062723c751e8b465ee728b)
Start importing Assets/SunnyLand Artwork/Environment/Tileset/tileset_60.asset using Guid(cda0ed9d7b24c7948aecd1faf85b78fc) Importer(815301076,1909f56bfc062723c751e8b465ee728b)  -> (artifact id: '7bf735a6b07803cf2c3931da97aaaba7') in 0.013791 seconds 
========================================================================
Received Import Request.
  Time since last request: 0.000027 seconds.
  path: Assets/SunnyLand Artwork/Environment/Tileset/tileset_83.asset
  artifactKey: Guid(95099d742e6b24a4382c822011e8f973) Importer(815301076,1909f56bfc062723c751e8b465ee728b)
Start importing Assets/SunnyLand Artwork/Environment/Tileset/tileset_83.asset using Guid(95099d742e6b24a4382c822011e8f973) Importer(815301076,1909f56bfc062723c751e8b465ee728b)  -> (artifact id: '1fef0b333dce3f5314b0698912d9386d') in 0.013511 seconds 
========================================================================
Received Import Request.
  Time since last request: 0.000037 seconds.
  path: Assets/SunnyLand Artwork/Environment/Tileset/tileset_87.asset
  artifactKey: Guid(7cd17d358b6a04d4c8abf76590e11b64) Importer(815301076,1909f56bfc062723c751e8b465ee728b)
Start importing Assets/SunnyLand Artwork/Environment/Tileset/tileset_87.asset using Guid(7cd17d358b6a04d4c8abf76590e11b64) Importer(815301076,1909f56bfc062723c751e8b465ee728b)  -> (artifact id: '4b9c348c5601ead29f124987852e4307') in 0.013740 seconds 
========================================================================
Received Import Request.
  Time since last request: 0.000028 seconds.
  path: Assets/SunnyLand Artwork/Environment/Tileset/tileset_61.asset
  artifactKey: Guid(5a3cbe61f71559d439b122f1468babd6) Importer(815301076,1909f56bfc062723c751e8b465ee728b)
Start importing Assets/SunnyLand Artwork/Environment/Tileset/tileset_61.asset using Guid(5a3cbe61f71559d439b122f1468babd6) Importer(815301076,1909f56bfc062723c751e8b465ee728b)  -> (artifact id: '44b89fb5c6e75027dda4e0be31830eee') in 0.013362 seconds 
========================================================================
Received Import Request.
  Time since last request: 0.000038 seconds.
  path: Assets/SunnyLand Artwork/Environment/Tileset/tileset_44.asset
  artifactKey: Guid(8e8fe319f46537348aa0f18825419e36) Importer(815301076,1909f56bfc062723c751e8b465ee728b)
Start importing Assets/SunnyLand Artwork/Environment/Tileset/tileset_44.asset using Guid(8e8fe319f46537348aa0f18825419e36) Importer(815301076,1909f56bfc062723c751e8b465ee728b)  -> (artifact id: 'd8551fed6a2dbaf227a95b591fa51daa') in 0.015847 seconds 
========================================================================
Received Import Request.
  Time since last request: 0.000037 seconds.
  path: Assets/SunnyLand Artwork/Environment/Tileset/tileset_90.asset
  artifactKey: Guid(f0ccdc490c834994abc5787ab448fefc) Importer(815301076,1909f56bfc062723c751e8b465ee728b)
Start importing Assets/SunnyLand Artwork/Environment/Tileset/tileset_90.asset using Guid(f0ccdc490c834994abc5787ab448fefc) Importer(815301076,1909f56bfc062723c751e8b465ee728b)  -> (artifact id: 'ee180b1b3d4a4675091f167a67318a22') in 0.014173 seconds 
========================================================================
Received Import Request.
  Time since last request: 0.000034 seconds.
  path: Assets/SunnyLand Artwork/Environment/Tileset/tileset_72.asset
  artifactKey: Guid(c371e91db78123048854d855f5afe868) Importer(815301076,1909f56bfc062723c751e8b465ee728b)
Start importing Assets/SunnyLand Artwork/Environment/Tileset/tileset_72.asset using Guid(c371e91db78123048854d855f5afe868) Importer(815301076,1909f56bfc062723c751e8b465ee728b)  -> (artifact id: '13c2839aa31d41c30586b65fbc4dc803') in 0.013606 seconds 
========================================================================
Received Import Request.
  Time since last request: 0.000035 seconds.
  path: Assets/SunnyLand Artwork/Environment/Tileset/tileset_53.asset
  artifactKey: Guid(ed45b8ceebf0fc942bd1e9ea5db66c5f) Importer(815301076,1909f56bfc062723c751e8b465ee728b)
Start importing Assets/SunnyLand Artwork/Environment/Tileset/tileset_53.asset using Guid(ed45b8ceebf0fc942bd1e9ea5db66c5f) Importer(815301076,1909f56bfc062723c751e8b465ee728b)  -> (artifact id: 'fe4dc6a0bd624eb798440995a1ba0224') in 0.012578 seconds 
========================================================================
Received Import Request.
  Time since last request: 0.000089 seconds.
  path: Assets/SunnyLand Artwork/Environment/Tileset/tileset_9.asset
  artifactKey: Guid(61c8e5a25e889f341800bb18bbb20f7d) Importer(815301076,1909f56bfc062723c751e8b465ee728b)
Start importing Assets/SunnyLand Artwork/Environment/Tileset/tileset_9.asset using Guid(61c8e5a25e889f341800bb18bbb20f7d) Importer(815301076,1909f56bfc062723c751e8b465ee728b)  -> (artifact id: 'ebd248b93d79f0ec80e26f849c8c9aed') in 0.013312 seconds 
========================================================================
Received Import Request.
  Time since last request: 0.000042 seconds.
  path: Assets/SunnyLand Artwork/Environment/Tileset/tileset_48.asset
  artifactKey: Guid(73368284854e0e14ba45ea3973b06527) Importer(815301076,1909f56bfc062723c751e8b465ee728b)
Start importing Assets/SunnyLand Artwork/Environment/Tileset/tileset_48.asset using Guid(73368284854e0e14ba45ea3973b06527) Importer(815301076,1909f56bfc062723c751e8b465ee728b)  -> (artifact id: '060da998ccdf7bcbe846c72fabf840e8') in 0.012892 seconds 
========================================================================
Received Import Request.
  Time since last request: 0.000029 seconds.
  path: Assets/SunnyLand Artwork/Environment/Tileset/tileset_42.asset
  artifactKey: Guid(f4baef240324b8243b183e022f47bdfe) Importer(815301076,1909f56bfc062723c751e8b465ee728b)
Start importing Assets/SunnyLand Artwork/Environment/Tileset/tileset_42.asset using Guid(f4baef240324b8243b183e022f47bdfe) Importer(815301076,1909f56bfc062723c751e8b465ee728b)  -> (artifact id: '8030227a2ac2dfc5a691e878539f77d0') in 0.014147 seconds 
========================================================================
Received Import Request.
  Time since last request: 0.000030 seconds.
  path: Assets/SunnyLand Artwork/Environment/Tileset/tileset_39.asset
  artifactKey: Guid(78bb579ed98620c499dd9d9466fd48d6) Importer(815301076,1909f56bfc062723c751e8b465ee728b)
Start importing Assets/SunnyLand Artwork/Environment/Tileset/tileset_39.asset using Guid(78bb579ed98620c499dd9d9466fd48d6) Importer(815301076,1909f56bfc062723c751e8b465ee728b)  -> (artifact id: '0ada9606f0a32164c8174b54a359a57c') in 0.012686 seconds 
========================================================================
Received Import Request.
  Time since last request: 0.000031 seconds.
  path: Assets/SunnyLand Artwork/Environment/Tileset/tileset_66.asset
  artifactKey: Guid(4f06f7be251b02b45a58ec0cadfffb03) Importer(815301076,1909f56bfc062723c751e8b465ee728b)
Start importing Assets/SunnyLand Artwork/Environment/Tileset/tileset_66.asset using Guid(4f06f7be251b02b45a58ec0cadfffb03) Importer(815301076,1909f56bfc062723c751e8b465ee728b)  -> (artifact id: 'f98292bf8b145da26d9270e69df28666') in 0.012459 seconds 
========================================================================
Received Import Request.
  Time since last request: 0.000028 seconds.
  path: Assets/SunnyLand Artwork/Environment/Tileset/tileset_6.asset
  artifactKey: Guid(297e4f2981fafa044826b511b922ed3e) Importer(815301076,1909f56bfc062723c751e8b465ee728b)
Start importing Assets/SunnyLand Artwork/Environment/Tileset/tileset_6.asset using Guid(297e4f2981fafa044826b511b922ed3e) Importer(815301076,1909f56bfc062723c751e8b465ee728b)  -> (artifact id: 'f5172b5f11b074859be191e99657f4aa') in 0.013562 seconds 
========================================================================
Received Import Request.
  Time since last request: 0.000026 seconds.
  path: Assets/SunnyLand Artwork/Environment/Tileset/tileset_81.asset
  artifactKey: Guid(27122d8a9ccdad84daea8bfe76a04d66) Importer(815301076,1909f56bfc062723c751e8b465ee728b)
Start importing Assets/SunnyLand Artwork/Environment/Tileset/tileset_81.asset using Guid(27122d8a9ccdad84daea8bfe76a04d66) Importer(815301076,1909f56bfc062723c751e8b465ee728b)  -> (artifact id: '30dacc030ebeb444ff1b8360c0e9fea8') in 0.014306 seconds 
========================================================================
Received Import Request.
  Time since last request: 0.000026 seconds.
  path: Assets/SunnyLand Artwork/Environment/Tileset/tileset_74.asset
  artifactKey: Guid(4f4069c0ffc7b094693aa23267b44e26) Importer(815301076,1909f56bfc062723c751e8b465ee728b)
Start importing Assets/SunnyLand Artwork/Environment/Tileset/tileset_74.asset using Guid(4f4069c0ffc7b094693aa23267b44e26) Importer(815301076,1909f56bfc062723c751e8b465ee728b)  -> (artifact id: 'ae9955f3055d6ad1d9ff870a0939fa0a') in 0.013557 seconds 
========================================================================
Received Import Request.
  Time since last request: 0.000033 seconds.
  path: Assets/SunnyLand Artwork/Environment/Tileset/tileset_65.asset
  artifactKey: Guid(041b86caf25287046b3c9ad969c9e6f3) Importer(815301076,1909f56bfc062723c751e8b465ee728b)
Start importing Assets/SunnyLand Artwork/Environment/Tileset/tileset_65.asset using Guid(041b86caf25287046b3c9ad969c9e6f3) Importer(815301076,1909f56bfc062723c751e8b465ee728b)  -> (artifact id: '1adae39816e92313a43735c953aac7b9') in 0.013840 seconds 
========================================================================
Received Import Request.
  Time since last request: 0.000030 seconds.
  path: Assets/SunnyLand Artwork/Environment/Tileset/tileset_69.asset
  artifactKey: Guid(b3a355028c924014d974ba485913eaa5) Importer(815301076,1909f56bfc062723c751e8b465ee728b)
Start importing Assets/SunnyLand Artwork/Environment/Tileset/tileset_69.asset using Guid(b3a355028c924014d974ba485913eaa5) Importer(815301076,1909f56bfc062723c751e8b465ee728b)  -> (artifact id: 'ee74e8161a9139588f7322fb151b3d1d') in 0.013208 seconds 
========================================================================
Received Import Request.
  Time since last request: 0.000033 seconds.
  path: Assets/SunnyLand Artwork/Environment/Tileset/tileset_77.asset
  artifactKey: Guid(7b6ad42f15111f74d9c51351a96a51e9) Importer(815301076,1909f56bfc062723c751e8b465ee728b)
Start importing Assets/SunnyLand Artwork/Environment/Tileset/tileset_77.asset using Guid(7b6ad42f15111f74d9c51351a96a51e9) Importer(815301076,1909f56bfc062723c751e8b465ee728b)  -> (artifact id: 'aed52c78d3c4cfa0d2ae3c335cae7ea6') in 0.014291 seconds 
========================================================================
Received Import Request.
  Time since last request: 0.000067 seconds.
  path: Assets/SunnyLand Artwork/Environment/Tileset/tileset_96.asset
  artifactKey: Guid(6fe459224dd9c274bb22bd8bbb263e35) Importer(815301076,1909f56bfc062723c751e8b465ee728b)
Start importing Assets/SunnyLand Artwork/Environment/Tileset/tileset_96.asset using Guid(6fe459224dd9c274bb22bd8bbb263e35) Importer(815301076,1909f56bfc062723c751e8b465ee728b)  -> (artifact id: 'e52e6fa3c06e29dd93f3e8f1719798ac') in 0.012923 seconds 
========================================================================
Received Import Request.
  Time since last request: 0.000032 seconds.
  path: Assets/SunnyLand Artwork/Environment/Tileset/tileset_105.asset
  artifactKey: Guid(098d0712ca343bc459966e993bb18798) Importer(815301076,1909f56bfc062723c751e8b465ee728b)
Start importing Assets/SunnyLand Artwork/Environment/Tileset/tileset_105.asset using Guid(098d0712ca343bc459966e993bb18798) Importer(815301076,1909f56bfc062723c751e8b465ee728b)  -> (artifact id: '72e68c502c30df4ba6567c1d1135bc61') in 0.015083 seconds 
========================================================================
Received Import Request.
  Time since last request: 0.000061 seconds.
  path: Assets/SunnyLand Artwork/Environment/Tileset/tileset_117.asset
  artifactKey: Guid(538f29f9196545b4fbaae26f096930e5) Importer(815301076,1909f56bfc062723c751e8b465ee728b)
Start importing Assets/SunnyLand Artwork/Environment/Tileset/tileset_117.asset using Guid(538f29f9196545b4fbaae26f096930e5) Importer(815301076,1909f56bfc062723c751e8b465ee728b)  -> (artifact id: '73a2b5a0fb260af5ec182af8ccd0dbfe') in 0.013438 seconds 
========================================================================
Received Import Request.
  Time since last request: 0.000044 seconds.
  path: Assets/SunnyLand Artwork/Environment/Tileset/tileset_120.asset
  artifactKey: Guid(396e1ed5fdc14f748ac7bfb8d091d5f5) Importer(815301076,1909f56bfc062723c751e8b465ee728b)
Start importing Assets/SunnyLand Artwork/Environment/Tileset/tileset_120.asset using Guid(396e1ed5fdc14f748ac7bfb8d091d5f5) Importer(815301076,1909f56bfc062723c751e8b465ee728b)  -> (artifact id: 'a52346919a16881e0535b0f34eaa33b8') in 0.013763 seconds 
========================================================================
Received Import Request.
  Time since last request: 0.000031 seconds.
  path: Assets/SunnyLand Artwork/Environment/Tileset/tileset_118.asset
  artifactKey: Guid(afc0056ff73931544a72236c11305898) Importer(815301076,1909f56bfc062723c751e8b465ee728b)
Start importing Assets/SunnyLand Artwork/Environment/Tileset/tileset_118.asset using Guid(afc0056ff73931544a72236c11305898) Importer(815301076,1909f56bfc062723c751e8b465ee728b)  -> (artifact id: '8c4b9c6b8e08ed1dbdc46fafdf35657a') in 0.013437 seconds 
========================================================================
Received Import Request.
  Time since last request: 0.000031 seconds.
  path: Assets/SunnyLand Artwork/Environment/Tileset/tileset_93.asset
  artifactKey: Guid(e17edbef205304e4689a531f52970fa4) Importer(815301076,1909f56bfc062723c751e8b465ee728b)
Start importing Assets/SunnyLand Artwork/Environment/Tileset/tileset_93.asset using Guid(e17edbef205304e4689a531f52970fa4) Importer(815301076,1909f56bfc062723c751e8b465ee728b)  -> (artifact id: 'f233df1818863c77821e66d6356ce4cf') in 0.013134 seconds 
========================================================================
Received Import Request.
  Time since last request: 0.000027 seconds.
  path: Assets/SunnyLand Artwork/Environment/Tileset/tileset_91.asset
  artifactKey: Guid(ebf0b491da991984dbf538df4e095120) Importer(815301076,1909f56bfc062723c751e8b465ee728b)
Start importing Assets/SunnyLand Artwork/Environment/Tileset/tileset_91.asset using Guid(ebf0b491da991984dbf538df4e095120) Importer(815301076,1909f56bfc062723c751e8b465ee728b)  -> (artifact id: '0ef263c73d16a3f1f63be805bdd005d8') in 0.013270 seconds 
========================================================================
Received Import Request.
  Time since last request: 0.000030 seconds.
  path: Assets/SunnyLand Artwork/Environment/Tileset/tileset_94.asset
  artifactKey: Guid(d72cb9168168d264ea51da34eebaefb9) Importer(815301076,1909f56bfc062723c751e8b465ee728b)
Start importing Assets/SunnyLand Artwork/Environment/Tileset/tileset_94.asset using Guid(d72cb9168168d264ea51da34eebaefb9) Importer(815301076,1909f56bfc062723c751e8b465ee728b)  -> (artifact id: '0065c656072f153917ae93e1df769cb8') in 0.013895 seconds 
========================================================================
Received Import Request.
  Time since last request: 0.000042 seconds.
  path: Assets/SunnyLand Artwork/Environment/Tileset/tileset_107.asset
  artifactKey: Guid(dc5ccd759b78a984eb2da40fa009bbac) Importer(815301076,1909f56bfc062723c751e8b465ee728b)
Start importing Assets/SunnyLand Artwork/Environment/Tileset/tileset_107.asset using Guid(dc5ccd759b78a984eb2da40fa009bbac) Importer(815301076,1909f56bfc062723c751e8b465ee728b)  -> (artifact id: '714f9130ee3e0a5d03bc7f2c3c8d8eb2') in 0.012117 seconds 
========================================================================
Received Import Request.
  Time since last request: 0.000032 seconds.
  path: Assets/SunnyLand Artwork/Environment/Tileset/tileset_108.asset
  artifactKey: Guid(83c6f2019a1ef7b4ba40291bfc2edfb1) Importer(815301076,1909f56bfc062723c751e8b465ee728b)
Start importing Assets/SunnyLand Artwork/Environment/Tileset/tileset_108.asset using Guid(83c6f2019a1ef7b4ba40291bfc2edfb1) Importer(815301076,1909f56bfc062723c751e8b465ee728b)  -> (artifact id: 'e297471989db010704af4ae43e9e8d90') in 0.014892 seconds 
========================================================================
Received Import Request.
  Time since last request: 0.000063 seconds.
  path: Assets/SunnyLand Artwork/Environment/Tileset/tileset_122.asset
  artifactKey: Guid(fb6828e38a60fb84a8954d95ca9b0455) Importer(815301076,1909f56bfc062723c751e8b465ee728b)
Start importing Assets/SunnyLand Artwork/Environment/Tileset/tileset_122.asset using Guid(fb6828e38a60fb84a8954d95ca9b0455) Importer(815301076,1909f56bfc062723c751e8b465ee728b)  -> (artifact id: '79c8c176c40d5d0e60641c001d6088aa') in 0.011619 seconds 
========================================================================
Received Import Request.
  Time since last request: 0.000044 seconds.
  path: Assets/SunnyLand Artwork/Environment/Tileset/tileset_112.asset
  artifactKey: Guid(be1784ccbd72b6548bb94e8cbd4a0fa9) Importer(815301076,1909f56bfc062723c751e8b465ee728b)
Start importing Assets/SunnyLand Artwork/Environment/Tileset/tileset_112.asset using Guid(be1784ccbd72b6548bb94e8cbd4a0fa9) Importer(815301076,1909f56bfc062723c751e8b465ee728b)  -> (artifact id: 'd0bdf799f1156a35e4278ba085e8f088') in 0.014799 seconds 
========================================================================
Received Import Request.
  Time since last request: 0.000030 seconds.
  path: Assets/SunnyLand Artwork/Environment/Tileset/tileset_121.asset
  artifactKey: Guid(143694b4dba0f7748baf2df80fe2bebe) Importer(815301076,1909f56bfc062723c751e8b465ee728b)
Start importing Assets/SunnyLand Artwork/Environment/Tileset/tileset_121.asset using Guid(143694b4dba0f7748baf2df80fe2bebe) Importer(815301076,1909f56bfc062723c751e8b465ee728b)  -> (artifact id: 'aafc8ca0bfabcb305867f62a209babc1') in 0.014924 seconds 
========================================================================
Received Import Request.
  Time since last request: 0.000026 seconds.
  path: Assets/SunnyLand Artwork/Environment/Tileset/tileset_92.asset
  artifactKey: Guid(8bee58cbc172728449ee2b453c8c95b4) Importer(815301076,1909f56bfc062723c751e8b465ee728b)
Start importing Assets/SunnyLand Artwork/Environment/Tileset/tileset_92.asset using Guid(8bee58cbc172728449ee2b453c8c95b4) Importer(815301076,1909f56bfc062723c751e8b465ee728b)  -> (artifact id: '85f7ba7582fe31bf65dae02a69817d22') in 0.014281 seconds 
========================================================================
Received Import Request.
  Time since last request: 0.000026 seconds.
  path: Assets/SunnyLand Artwork/Environment/Tileset/tileset_110.asset
  artifactKey: Guid(3ca9990867e269b45aaf164f7e3d84df) Importer(815301076,1909f56bfc062723c751e8b465ee728b)
Start importing Assets/SunnyLand Artwork/Environment/Tileset/tileset_110.asset using Guid(3ca9990867e269b45aaf164f7e3d84df) Importer(815301076,1909f56bfc062723c751e8b465ee728b)  -> (artifact id: '6169f5048dbd9a55f305463e057c1804') in 0.013574 seconds 
========================================================================
Received Import Request.
  Time since last request: 0.000034 seconds.
  path: Assets/SunnyLand Artwork/Environment/Tileset/tileset_89.asset
  artifactKey: Guid(9339f0db20d3ce34b8bac2e79a2a904b) Importer(815301076,1909f56bfc062723c751e8b465ee728b)
Start importing Assets/SunnyLand Artwork/Environment/Tileset/tileset_89.asset using Guid(9339f0db20d3ce34b8bac2e79a2a904b) Importer(815301076,1909f56bfc062723c751e8b465ee728b)  -> (artifact id: '9a14d120d6b26b02c7a9c56ce86f98fa') in 0.013500 seconds 
========================================================================
Received Import Request.
  Time since last request: 0.000044 seconds.
  path: Assets/SunnyLand Artwork/Environment/Tileset/tileset_67.asset
  artifactKey: Guid(ecb220dd387538b4cabda64e449afec5) Importer(815301076,1909f56bfc062723c751e8b465ee728b)
Start importing Assets/SunnyLand Artwork/Environment/Tileset/tileset_67.asset using Guid(ecb220dd387538b4cabda64e449afec5) Importer(815301076,1909f56bfc062723c751e8b465ee728b)  -> (artifact id: 'd1521e239e6cb5cdfc7d6408620d4dc1') in 0.015050 seconds 
========================================================================
Received Import Request.
  Time since last request: 0.000030 seconds.
  path: Assets/SunnyLand Artwork/Environment/Tileset/tileset_41.asset
  artifactKey: Guid(aecb98b36dca4ae499576b2132b7c582) Importer(815301076,1909f56bfc062723c751e8b465ee728b)
Start importing Assets/SunnyLand Artwork/Environment/Tileset/tileset_41.asset using Guid(aecb98b36dca4ae499576b2132b7c582) Importer(815301076,1909f56bfc062723c751e8b465ee728b)  -> (artifact id: 'e1ca41054b04938b4b39442537dc8213') in 0.014602 seconds 
========================================================================
Received Import Request.
  Time since last request: 0.000028 seconds.
  path: Assets/SunnyLand Artwork/Environment/Tileset/tileset_103.asset
  artifactKey: Guid(ce3e37894a4bef04bb6e0dd73eef5bf7) Importer(815301076,1909f56bfc062723c751e8b465ee728b)
Start importing Assets/SunnyLand Artwork/Environment/Tileset/tileset_103.asset using Guid(ce3e37894a4bef04bb6e0dd73eef5bf7) Importer(815301076,1909f56bfc062723c751e8b465ee728b)  -> (artifact id: '32a68874f1f18a6f0bb674f86001007d') in 0.013019 seconds 
========================================================================
Received Import Request.
  Time since last request: 0.000037 seconds.
  path: Assets/SunnyLand Artwork/Environment/Tileset/tileset_68.asset
  artifactKey: Guid(102f744a2cbac7d40a310d9aad96b59d) Importer(815301076,1909f56bfc062723c751e8b465ee728b)
Start importing Assets/SunnyLand Artwork/Environment/Tileset/tileset_68.asset using Guid(102f744a2cbac7d40a310d9aad96b59d) Importer(815301076,1909f56bfc062723c751e8b465ee728b)  -> (artifact id: '6abb1ae4b1ef64d0fc04d75d796b4fd9') in 0.013358 seconds 
========================================================================
Received Import Request.
  Time since last request: 0.000037 seconds.
  path: Assets/SunnyLand Artwork/Environment/Tileset/tileset_97.asset
  artifactKey: Guid(0ba72a06aab68684fa4fea5ae870558c) Importer(815301076,1909f56bfc062723c751e8b465ee728b)
Start importing Assets/SunnyLand Artwork/Environment/Tileset/tileset_97.asset using Guid(0ba72a06aab68684fa4fea5ae870558c) Importer(815301076,1909f56bfc062723c751e8b465ee728b)  -> (artifact id: '44e3f34870ee052b61c1a8baa2c74ef5') in 0.013206 seconds 
========================================================================
Received Import Request.
  Time since last request: 0.000096 seconds.
  path: Assets/SunnyLand Artwork/Environment/Tileset/tileset_7.asset
  artifactKey: Guid(83378228d1808e54ea43434eda9482e3) Importer(815301076,1909f56bfc062723c751e8b465ee728b)
Start importing Assets/SunnyLand Artwork/Environment/Tileset/tileset_7.asset using Guid(83378228d1808e54ea43434eda9482e3) Importer(815301076,1909f56bfc062723c751e8b465ee728b)  -> (artifact id: 'b166b0f1b4d885490c29769ddbeed4bd') in 0.012622 seconds 
========================================================================
Received Import Request.
  Time since last request: 0.000068 seconds.
  path: Assets/SunnyLand Artwork/Environment/Tileset/tileset_33.asset
  artifactKey: Guid(1da38f409c4a2df4596c9eb71bd766e3) Importer(815301076,1909f56bfc062723c751e8b465ee728b)
Start importing Assets/SunnyLand Artwork/Environment/Tileset/tileset_33.asset using Guid(1da38f409c4a2df4596c9eb71bd766e3) Importer(815301076,1909f56bfc062723c751e8b465ee728b)  -> (artifact id: 'f0bb5701bf498aa631b7598d10b769f7') in 0.013727 seconds 
========================================================================
Received Import Request.
  Time since last request: 0.000032 seconds.
  path: Assets/SunnyLand Artwork/Environment/Tileset/tileset_113.asset
  artifactKey: Guid(34bd81e1cbb5de34eb0b925a30d83cbe) Importer(815301076,1909f56bfc062723c751e8b465ee728b)
Start importing Assets/SunnyLand Artwork/Environment/Tileset/tileset_113.asset using Guid(34bd81e1cbb5de34eb0b925a30d83cbe) Importer(815301076,1909f56bfc062723c751e8b465ee728b)  -> (artifact id: 'dff19d014b47ab3f9d400d3d3f97f225') in 0.013451 seconds 
========================================================================
Received Import Request.
  Time since last request: 0.000029 seconds.
  path: Assets/SunnyLand Artwork/Environment/Tileset/tileset-sliced_127.asset
  artifactKey: Guid(ec3def75f01e94748978c225c79d0db9) Importer(815301076,1909f56bfc062723c751e8b465ee728b)
Start importing Assets/SunnyLand Artwork/Environment/Tileset/tileset-sliced_127.asset using Guid(ec3def75f01e94748978c225c79d0db9) Importer(815301076,1909f56bfc062723c751e8b465ee728b)  -> (artifact id: '3576ccabd2501acc65f7eff65e572d60') in 0.021221 seconds 
========================================================================
Received Import Request.
  Time since last request: 0.000035 seconds.
  path: Assets/SunnyLand Artwork/Environment/Tileset/tileset_34.asset
  artifactKey: Guid(f217e2ccf1b44dc4f9a58fbf01db65e4) Importer(815301076,1909f56bfc062723c751e8b465ee728b)
Start importing Assets/SunnyLand Artwork/Environment/Tileset/tileset_34.asset using Guid(f217e2ccf1b44dc4f9a58fbf01db65e4) Importer(815301076,1909f56bfc062723c751e8b465ee728b)  -> (artifact id: 'b838cedba6b6566170b56c8c93be1a66') in 0.013772 seconds 
========================================================================
Received Import Request.
  Time since last request: 0.000065 seconds.
  path: Assets/SunnyLand Artwork/Environment/Tileset/tileset_123.asset
  artifactKey: Guid(c176ec7562daff6459e0515d0baba644) Importer(815301076,1909f56bfc062723c751e8b465ee728b)
Start importing Assets/SunnyLand Artwork/Environment/Tileset/tileset_123.asset using Guid(c176ec7562daff6459e0515d0baba644) Importer(815301076,1909f56bfc062723c751e8b465ee728b)  -> (artifact id: '08eee954b7d091e6844513e824927d54') in 0.016655 seconds 
========================================================================
Received Import Request.
  Time since last request: 0.000036 seconds.
  path: Assets/SunnyLand Artwork/Environment/Tileset/tileset_5.asset
  artifactKey: Guid(2ec1a1bd26bc38e4dab8bf86d0557419) Importer(815301076,1909f56bfc062723c751e8b465ee728b)
Start importing Assets/SunnyLand Artwork/Environment/Tileset/tileset_5.asset using Guid(2ec1a1bd26bc38e4dab8bf86d0557419) Importer(815301076,1909f56bfc062723c751e8b465ee728b)  -> (artifact id: '16c08e72cb6556ff85d0db2346f60eb1') in 0.014667 seconds 
========================================================================
Received Import Request.
  Time since last request: 0.000030 seconds.
  path: Assets/SunnyLand Artwork/Environment/Tileset/tileset_82.asset
  artifactKey: Guid(354225da264eef14d925b1a9fb542bb7) Importer(815301076,1909f56bfc062723c751e8b465ee728b)
Start importing Assets/SunnyLand Artwork/Environment/Tileset/tileset_82.asset using Guid(354225da264eef14d925b1a9fb542bb7) Importer(815301076,1909f56bfc062723c751e8b465ee728b)  -> (artifact id: '1ff6af7c14266fa8f3494c40dfaaa6bf') in 0.014385 seconds 
Editor requested this worker to shutdown with reason: Scaling down because of idle timeout
AssetImportWorker is now disconnected from the server
Process exiting
Exiting without the bug reporter. Application will terminate with return code 0